


ARM Macro Assembler    Page 1 


    1 00000000         ;*******************************************************
                       ******** 
    2 00000000         ; GPIO_INIT.s
    3 00000000         ; GIPO initialization for EE447 Laboratory Project
    4 00000000         ; Audio Recorder and Player
    5 00000000         ; Created by Ilayda BEYRELI 2093474 & Mehmet Ali YANIKLA
                       R 1877059
    6 00000000         ; Created at 03/01/2017 14.12
    7 00000000         ; Last Updated at 07/01/2017 12.06
    8 00000000         ; Additional Components : 
    9 00000000         ; 1. MAX9814 Microphone Amplifier with AGC and Low-Noise
                        Microphone Bias
   10 00000000         ; 2. MCP4725 12-Bit Digital-to-Analog Converter with EEP
                       ROM Memory in SOT-23-6
   11 00000000         ; 3. PAM8302A 2.5W Filterless Class-D Mono Audio Amplifi
                       er
   12 00000000         ;*******************************************************
                       ******** 
   13 00000000         ;*******************************************************
                       ******** 
   14 00000000         ; EQU Directives
   15 00000000         ; These directives do not allocate memory
   16 00000000         ;*******************************************************
                       ********
   17 00000000         ;LABEL    DIRECTIVE  VALUE   COMMENT
   18 00000000         
   19 00000000         ;ADC Register
   20 00000000 400FE638 
                       SYSCTL_RCGCADC
                               EQU              0x400FE638  ; ADC Clock Resigte
                                                            r
   21 00000000 40038000 
                       ADC0_ACTSS
                               EQU              0x40038000  ; Sample Sequencer 
                                                            (Base Address of AD
                                                            C0)
   22 00000000 40038004 
                       ADC0_RIS
                               EQU              0x40038004  ; Raw Interrupt Sta
                                                            tus
   23 00000000 40038008 
                       ADC0_IM EQU              0x40038008  ; Interupt Select
   24 00000000 40038014 
                       ADC0_EMUX
                               EQU              0x40038014  ; Trigger Select
   25 00000000 40038028 
                       ADC0_PSSI
                               EQU              0x40038028  ; Initiate Sample
   26 00000000 400380A0 
                       ADC0_SSMUX3
                               EQU              0x400380A0  ; Input Channel Sel
                                                            ect
   27 00000000 400380A4 
                       ADC0_SSCTL3
                               EQU              0x400380A4  ; Sample Sequence C
                                                            ontrol
   28 00000000 400380A8 
                       ADC0_SSFIFO3
                               EQU              0x400380A8  ; Channel 3 Status



ARM Macro Assembler    Page 2 


   29 00000000 40038FCA 
                       ADC0_PP EQU              0x40038FCA  ; Sample Rate
   30 00000000 4003800C 
                       ADC0_ISC
                               EQU              0x4003800C  ; Interrupt Status 
                                                            & Clear
   31 00000000         
   32 00000000         ;General GPIO Registers
   33 00000000 400FE608 
                       SYSCTL_RCGCGPIO
                               EQU              0x400FE608  ; GPIO Gate Control
                                                            
   34 00000000         
   35 00000000         ;GPIO Registers for Port E3
   36 00000000 40024020 
                       GPIO_PORTE_DATA
                               EQU              0x40024020  ; Access E3
   37 00000000 40024400 
                       GPIO_PORTE_DIR
                               EQU              0x40024400  ; Port Direction
   38 00000000 40024420 
                       GPIO_PORTE_AFSEL
                               EQU              0x40024420  ; Alt Function enab
                                                            le
   39 00000000 4002451C 
                       GPIO_PORTE_DEN
                               EQU              0x4002451C  ; Digital Enable
   40 00000000 40024528 
                       GPIO_PORTE_AMSEL
                               EQU              0x40024528  ; Analog enable
   41 00000000 4002452C 
                       GPIO_PORTE_PCTL
                               EQU              0x4002452C  ; Alternate Functio
                                                            ns
   42 00000000         
   43 00000000         
   44 00000000         ;GPIO Registers for Port F0(SW1) & F4(SW2)
   45 00000000 40025044 
                       GPIO_PORTF_DATA
                               EQU              0x40025044  ; Access F0 and F4 
                                                            *******
   46 00000000 40025400 
                       GPIO_PORTF_DIR
                               EQU              0x40025400  ; Port Direction
   47 00000000 40025420 
                       GPIO_PORTF_AFSEL
                               EQU              0x40025420  ; Alt Function enab
                                                            le
   48 00000000 4002551C 
                       GPIO_PORTF_DEN
                               EQU              0x4002551C  ; Digital Enable
   49 00000000 40025528 
                       GPIO_PORTF_AMSEL
                               EQU              0x40025528  ; Analog enable
   50 00000000 4002552C 
                       GPIO_PORTF_PCTL
                               EQU              0x4002552C  ; Alternate Functio
                                                            ns
   51 00000000 40025514 



ARM Macro Assembler    Page 3 


                       GPIO_PORTF_PDR
                               EQU              0x40025514  ; GPIO Port F Pull 
                                                            Down Select
   52 00000000 40025510 
                       GPIO_PORTF_PUR
                               EQU              0x40025510  ; GPIO Port F Pull 
                                                            Up Select
   53 00000000 40025520 
                       GPIO_PORTF_LOCK
                               EQU              0x40025520  ; Lock Register
   54 00000000 4C4F434B 
                       GPIO_KEY
                               EQU              0x4C4F434B  ;
   55 00000000 40025524 
                       GPIO_PORTF_CMR
                               EQU              0x40025524  ; Commit Register
   56 00000000         ; Interupt Control
   57 00000000         
   58 00000000 40025404 
                       GPIO_PORTF_IS
                               EQU              0x40025404  ;
   59 00000000 40025408 
                       GPIO_PORTF_IBE
                               EQU              0x40025408  ;
   60 00000000 4002540C 
                       GPIO_PORTF_IEV
                               EQU              0x4002540C  ;
   61 00000000 40025410 
                       GPIO_PORTF_IM
                               EQU              0x40025410  ;
   62 00000000 4002541C 
                       GPIO_PORTF_ICR
                               EQU              0x4002541C  ;
   63 00000000 40025414 
                       GPIO_PORTF_RIS
                               EQU              0x40025414  ; 
   64 00000000         
   65 00000000         ;*******************************************************
                       ********
   66 00000000         ; Directives - This Data Section is part of the code
   67 00000000         ; It is in the read only section  so values cannot be ch
                       anged.
   68 00000000         ;*******************************************************
                       ********
   69 00000000         ;LABEL    DIRECTIVE  VALUE   COMMENT
   70 00000000                 AREA             routines, CODE, READONLY
   71 00000000                 THUMB
   72 00000000         
   73 00000000                 EXPORT           KEY_INIT    ; 
   74 00000000                 EXPORT           ADC0_INIT   ; 
   75 00000000                 EXPORT           DELAY       ; 
   76 00000000                 EXPORT           DELAY100    ;
   77 00000000         
   78 00000000         
   79 00000000         
   80 00000000         ;*******************************************************
                       ********
   81 00000000         ; Subroutine Section _ KEY_INIT : Initialization of on-b
                       oard



ARM Macro Assembler    Page 4 


   82 00000000         ;          switches F0(SW1) & F4 (SW2) 
   83 00000000         ;          to control recorder
   84 00000000         ;*******************************************************
                       ********
   85 00000000         ;LABEL   DIRECTIVE  VALUE   COMMENT 
   86 00000000         
   87 00000000         KEY_INIT
                               PROC
   88 00000000 B500            PUSH             {LR}
   89 00000002         
   90 00000002 B403            PUSH             {R0-R1}     ;
   91 00000004         
   92 00000004 4945            LDR              R1, =SYSCTL_RCGCGPIO ; enable c
                                                            lock for GPIO Port 
                                                            F
   93 00000006 6808            LDR              R0, [R1]    ;
   94 00000008 F040 0020       ORR              R0, R0, #0x20 ; 
   95 0000000C 6008            STR              R0, [R1]    ;    
   96 0000000E         
   97 0000000E F7FF FFFE       BL               DELAY       ; let the clock sta
                                                            bilize
   98 00000012         
   99 00000012 4943            LDR              R1, =GPIO_PORTF_LOCK ; unlockin
                                                            g pin F0 for enabli
                                                            ng SW2
  100 00000014 4843            LDR              R0, =GPIO_KEY
  101 00000016 6008            STR              R0, [R1]    ;
  102 00000018         
  103 00000018 4943            LDR              R1, =GPIO_PORTF_CMR ; 
  104 0000001A 6808            LDR              R0, [R1]    ;
  105 0000001C F040 0011       ORR              R0, R0, #0x11 ; 
  106 00000020 6008            STR              R0, [R1]    ;
  107 00000022         
  108 00000022 4942            LDR              R1, =GPIO_PORTF_DIR ; set F0 an
                                                            d F4 as input
  109 00000024 6808            LDR              R0, [R1]    ;
  110 00000026 F020 0011       BIC              R0, R0, #0x11 ; 
  111 0000002A 6008            STR              R0, [R1]    ;
  112 0000002C         
  113 0000002C 4940            LDR              R1, =GPIO_PORTF_AFSEL ; disable
                                                             alt function 
  114 0000002E 6808            LDR              R0, [R1]    ;
  115 00000030 F020 0011       BIC              R0, R0, #0x11 ; 
  116 00000034 6008            STR              R0, [R1]    ;
  117 00000036         
  118 00000036 493F            LDR              R1, =GPIO_PORTF_DEN 
                                                            ; enable digital 
  119 00000038 6808            LDR              R0, [R1]    ;
  120 0000003A F040 0011       ORR              R0, R0, #0x11 ; 
  121 0000003E 6008            STR              R0, [R1]    ;
  122 00000040         
  123 00000040 493D            LDR              R1, =GPIO_PORTF_AMSEL 
                                                            ; disable analog 
  124 00000042 6808            LDR              R0, [R1]    ;
  125 00000044 F020 0011       BIC              R0, R0, #0x11 ; 
  126 00000048 6008            STR              R0, [R1]    ;    
  127 0000004A         
  128 0000004A 493C            LDR              R1, =GPIO_PORTF_PUR 
                                                            ; pull_up resistors



ARM Macro Assembler    Page 5 


                                                            
  129 0000004C 6808            LDR              R0, [R1]    ;
  130 0000004E F040 0011       ORR              R0, R0, #0x11 ; 
  131 00000052 6008            STR              R0, [R1]    ; 
  132 00000054         
  133 00000054         
  134 00000054 BC03            POP              {R0-R1}     ;
  135 00000056         
  136 00000056 F85D EB04       POP              {LR}        ;
  137 0000005A 4770            BX               LR          ;
  138 0000005C                 ENDP                         ;
  139 0000005C         
  140 0000005C         ;*******************************************************
                       ********
  141 0000005C         ; Subroutine Section _ ADC_INIT : Initialization of ADC0
                        module
  142 0000005C         ;          with related GPIO configuration
  143 0000005C         ;*******************************************************
                       ********
  144 0000005C         ;LABEL   DIRECTIVE  VALUE   COMMENT 
  145 0000005C         ADC0_INIT
                               PROC
  146 0000005C B500            PUSH             {LR}        ;
  147 0000005E E92D 1FFF       PUSH             {R0-R12}    ;
  148 00000062         
  149 00000062         ; initialting clocks for GPIO and ADC blocks
  150 00000062         
  151 00000062 4937            LDR              R1, =SYSCTL_RCGCADC ; enable cl
                                                            ock for ADC block 
  152 00000064 6808            LDR              R0, [R1]    ;
  153 00000066 F040 0001       ORR              R0, R0, #0x01 ;
  154 0000006A 6008            STR              R0, [R1]    ;
  155 0000006C         
  156 0000006C F7FF FFFE       BL               DELAY       ; let the clock sta
                                                            bilize
  157 00000070         
  158 00000070 492A            LDR              R1, =SYSCTL_RCGCGPIO ; enable c
                                                            lock for GPIO Port 
                                                            E
  159 00000072 6808            LDR              R0, [R1]    ;
  160 00000074 F040 0010       ORR              R0, R0, #0x10 ; 
  161 00000078 6008            STR              R0, [R1]    ;    
  162 0000007A         
  163 0000007A F7FF FFFE       BL               DELAY       ; let the clock sta
                                                            bilize
  164 0000007E         
  165 0000007E         ; GPIO Setup _ Port E3
  166 0000007E         
  167 0000007E 4931            LDR              R1, =GPIO_PORTE_DIR 
                                                            ; set E3 as input
  168 00000080 6808            LDR              R0, [R1]    ;
  169 00000082 F020 0030       BIC              R0, R0, #0x30 ; 
  170 00000086 6008            STR              R0, [R1]    ;
  171 00000088         
  172 00000088 492F            LDR              R1, =GPIO_PORTE_AFSEL ; set alt
                                                             function for E3
  173 0000008A 6808            LDR              R0, [R1]    ;
  174 0000008C F040 0008       ORR              R0, R0, #0x08 ; 
  175 00000090 6008            STR              R0, [R1]    ;



ARM Macro Assembler    Page 6 


  176 00000092         
  177 00000092 492E            LDR              R1, =GPIO_PORTE_DEN ; disable d
                                                            igital for E3
  178 00000094 6808            LDR              R0, [R1]    ;
  179 00000096 F020 0008       BIC              R0, R0, #0x08 ; 
  180 0000009A 6008            STR              R0, [R1]    ;
  181 0000009C         
  182 0000009C 492C            LDR              R1, =GPIO_PORTE_AMSEL ; enable 
                                                            analog for E3
  183 0000009E 6808            LDR              R0, [R1]    ;
  184 000000A0 F040 0008       ORR              R0, R0, #0x08 ; 
  185 000000A4 6008            STR              R0, [R1]    ;    
  186 000000A6         
  187 000000A6         ; ADC Setup _ ADC0
  188 000000A6         
  189 000000A6 492B            LDR              R1, =ADC0_ACTSS ; disable seque
                                                            ncer during setup
  190 000000A8 6808            LDR              R0, [R1]    ;
  191 000000AA F020 0008       BIC              R0, R0, #0x08 
                                                            ; clear bit for SS3
                                                            
  192 000000AE 6008            STR              R0, [R1]    ;
  193 000000B0         
  194 000000B0 4929            LDR              R1, =ADC0_EMUX ; clearing bits 
                                                            12:15 to select sof
                                                            tware
  195 000000B2 6808            LDR              R0, [R1]    ;
  196 000000B4 F420 4070       BIC              R0, R0, #0xF000 ; 
  197 000000B8 6008            STR              R0, [R1]    ;
  198 000000BA         
  199 000000BA 4928            LDR              R1, =ADC0_SSMUX3 ; clearing bit
                                                            s 0:3 to select AIN
                                                            0
  200 000000BC 6808            LDR              R0, [R1]    ;
  201 000000BE F020 000F       BIC              R0, R0, #0x000F ; 
  202 000000C2 6008            STR              R0, [R1]    ;
  203 000000C4         
  204 000000C4 4926            LDR              R1, =ADC0_SSCTL3 ; disabling in
                                                            terupt and ending t
                                                            he sequence 
  205 000000C6 6808            LDR              R0, [R1]    ;
  206 000000C8 F040 0006       ORR              R0, R0, #0x06 ; IE0 = 1, END0 =
                                                             1 
  207 000000CC 6008            STR              R0, [R1]    ;
  208 000000CE         
  209 000000CE 4925            LDR              R1, =ADC0_PP ; sampling rate is
                                                             set to be 125 samp
                                                            les for second
  210 000000D0 6808            LDR              R0, [R1]    ;
  211 000000D2 F040 0007       ORR              R0, R0, #0x07 ; 
  212 000000D6 6008            STR              R0, [R1]    ;
  213 000000D8         
  214 000000D8 491E            LDR              R1, =ADC0_ACTSS 
                                                            ; enable sequencer
  215 000000DA 6808            LDR              R0, [R1]    ;
  216 000000DC F040 0008       ORR              R0, R0, #0x08 ; set bit for SS3
                                                            
  217 000000E0 6008            STR              R0, [R1]    ;
  218 000000E2         



ARM Macro Assembler    Page 7 


  219 000000E2 E8BD 1FFF       POP              {R0-R12}    ;
  220 000000E6         
  221 000000E6 F85D EB04       POP              {LR}
  222 000000EA 4770            BX               LR
  223 000000EC                 ENDP
  224 000000EC         
  225 000000EC         ;*******************************************************
                       ********
  226 000000EC         ;  Subroutine section _ DELAY
  227 000000EC         ;*******************************************************
                       ********
  228 000000EC         ;LABEL   DIRECTIVE  VALUE   COMMENT
  229 000000EC         DELAY   PROC
  230 000000EC B500            PUSH             {LR}        ;
  231 000000EE         
  232 000000EE E92D 1FFF       PUSH             {R0-R12}    ;
  233 000000F2 F44F 7402       LDR              R4,=520     ; decrement 
  234 000000F6 1E64    decrease
                               SUBS             R4,R4,#1    ;
  235 000000F8 D1FD            BNE              decrease    ;
  236 000000FA E8BD 1FFF       POP              {R0-R12}    ;
  237 000000FE         
  238 000000FE F85D EB04       POP              {LR}        ;
  239 00000102 4770            BX               LR          ;
  240 00000104                 ENDP
  241 00000104         
  242 00000104         ;*******************************************************
                       ********
  243 00000104         ;  Subroutine section _ DELAY100: a subroutine that caus
                       es 
  244 00000104         ;        approximately 100 msec delay
  245 00000104         ;        upon calling
  246 00000104         ;*******************************************************
                       ********
  247 00000104         ;LABEL   DIRECTIVE  VALUE   COMMENT
  248 00000104         DELAY100
                               PROC
  249 00000104 B500            PUSH             {LR}        ;
  250 00000106         
  251 00000106 E92D 1FFF       PUSH             {R0-R12}    ;
  252 0000010A F241 7470       LDR              R4,=6000    ; decrement from ap
                                                            proximately 100msec
                                                            
  253 0000010E 1E64    dec100  SUBS             R4,R4,#1    ;
  254 00000110 D1FD            BNE              dec100      ;
  255 00000112 E8BD 1FFF       POP              {R0-R12}    ;
  256 00000116         
  257 00000116 F85D EB04       POP              {LR}        ;
  258 0000011A 4770            BX               LR          ;
  259 0000011C                 ENDP
  260 0000011C         
  261 0000011C         
  262 0000011C                 ALIGN                        ; make sure the end
                                                             of this section is
                                                             aligned
  263 0000011C                 END                          ; end of file
              400FE608 
              40025520 
              4C4F434B 



ARM Macro Assembler    Page 8 


              40025524 
              40025400 
              40025420 
              4002551C 
              40025528 
              40025510 
              400FE638 
              40024400 
              40024420 
              4002451C 
              40024528 
              40038000 
              40038014 
              400380A0 
              400380A4 
              40038FCA 
Command Line: --debug --xref --diag_suppress=9931 --cpu=Cortex-M4.fp --apcs=int
erwork --depend=.\objects\gpio_init.d -o.\objects\gpio_init.o -I.\RTE\_Target_1
 -IC:\Keil_v5\ARM\PACK\Keil\TM4C_DFP\1.1.0\Device\Include\TM4C123 -IC:\Keil_v5\
ARM\CMSIS\Include --predefine="__EVAL SETA 1" --predefine="__UVISION_VERSION SE
TA 524" --predefine="TM4C1231H6PM SETA 1" --list=.\listings\gpio_init.lst GPIO_
INIT.s



ARM Macro Assembler    Page 1 Alphabetic symbol ordering
Relocatable symbols

ADC0_INIT 0000005C

Symbol: ADC0_INIT
   Definitions
      At line 145 in file GPIO_INIT.s
   Uses
      At line 74 in file GPIO_INIT.s
Comment: ADC0_INIT used once
DELAY 000000EC

Symbol: DELAY
   Definitions
      At line 229 in file GPIO_INIT.s
   Uses
      At line 75 in file GPIO_INIT.s
      At line 97 in file GPIO_INIT.s
      At line 156 in file GPIO_INIT.s
      At line 163 in file GPIO_INIT.s

DELAY100 00000104

Symbol: DELAY100
   Definitions
      At line 248 in file GPIO_INIT.s
   Uses
      At line 76 in file GPIO_INIT.s
Comment: DELAY100 used once
KEY_INIT 00000000

Symbol: KEY_INIT
   Definitions
      At line 87 in file GPIO_INIT.s
   Uses
      At line 73 in file GPIO_INIT.s
Comment: KEY_INIT used once
dec100 0000010E

Symbol: dec100
   Definitions
      At line 253 in file GPIO_INIT.s
   Uses
      At line 254 in file GPIO_INIT.s
Comment: dec100 used once
decrease 000000F6

Symbol: decrease
   Definitions
      At line 234 in file GPIO_INIT.s
   Uses
      At line 235 in file GPIO_INIT.s
Comment: decrease used once
routines 00000000

Symbol: routines
   Definitions
      At line 70 in file GPIO_INIT.s
   Uses
      None
Comment: routines unused



ARM Macro Assembler    Page 2 Alphabetic symbol ordering
Relocatable symbols

7 symbols



ARM Macro Assembler    Page 1 Alphabetic symbol ordering
Absolute symbols

ADC0_ACTSS 40038000

Symbol: ADC0_ACTSS
   Definitions
      At line 21 in file GPIO_INIT.s
   Uses
      At line 189 in file GPIO_INIT.s
      At line 214 in file GPIO_INIT.s

ADC0_EMUX 40038014

Symbol: ADC0_EMUX
   Definitions
      At line 24 in file GPIO_INIT.s
   Uses
      At line 194 in file GPIO_INIT.s
Comment: ADC0_EMUX used once
ADC0_IM 40038008

Symbol: ADC0_IM
   Definitions
      At line 23 in file GPIO_INIT.s
   Uses
      None
Comment: ADC0_IM unused
ADC0_ISC 4003800C

Symbol: ADC0_ISC
   Definitions
      At line 30 in file GPIO_INIT.s
   Uses
      None
Comment: ADC0_ISC unused
ADC0_PP 40038FCA

Symbol: ADC0_PP
   Definitions
      At line 29 in file GPIO_INIT.s
   Uses
      At line 209 in file GPIO_INIT.s
Comment: ADC0_PP used once
ADC0_PSSI 40038028

Symbol: ADC0_PSSI
   Definitions
      At line 25 in file GPIO_INIT.s
   Uses
      None
Comment: ADC0_PSSI unused
ADC0_RIS 40038004

Symbol: ADC0_RIS
   Definitions
      At line 22 in file GPIO_INIT.s
   Uses
      None
Comment: ADC0_RIS unused
ADC0_SSCTL3 400380A4




ARM Macro Assembler    Page 2 Alphabetic symbol ordering
Absolute symbols

Symbol: ADC0_SSCTL3
   Definitions
      At line 27 in file GPIO_INIT.s
   Uses
      At line 204 in file GPIO_INIT.s
Comment: ADC0_SSCTL3 used once
ADC0_SSFIFO3 400380A8

Symbol: ADC0_SSFIFO3
   Definitions
      At line 28 in file GPIO_INIT.s
   Uses
      None
Comment: ADC0_SSFIFO3 unused
ADC0_SSMUX3 400380A0

Symbol: ADC0_SSMUX3
   Definitions
      At line 26 in file GPIO_INIT.s
   Uses
      At line 199 in file GPIO_INIT.s
Comment: ADC0_SSMUX3 used once
GPIO_KEY 4C4F434B

Symbol: GPIO_KEY
   Definitions
      At line 54 in file GPIO_INIT.s
   Uses
      At line 100 in file GPIO_INIT.s
Comment: GPIO_KEY used once
GPIO_PORTE_AFSEL 40024420

Symbol: GPIO_PORTE_AFSEL
   Definitions
      At line 38 in file GPIO_INIT.s
   Uses
      At line 172 in file GPIO_INIT.s
Comment: GPIO_PORTE_AFSEL used once
GPIO_PORTE_AMSEL 40024528

Symbol: GPIO_PORTE_AMSEL
   Definitions
      At line 40 in file GPIO_INIT.s
   Uses
      At line 182 in file GPIO_INIT.s
Comment: GPIO_PORTE_AMSEL used once
GPIO_PORTE_DATA 40024020

Symbol: GPIO_PORTE_DATA
   Definitions
      At line 36 in file GPIO_INIT.s
   Uses
      None
Comment: GPIO_PORTE_DATA unused
GPIO_PORTE_DEN 4002451C

Symbol: GPIO_PORTE_DEN
   Definitions
      At line 39 in file GPIO_INIT.s



ARM Macro Assembler    Page 3 Alphabetic symbol ordering
Absolute symbols

   Uses
      At line 177 in file GPIO_INIT.s
Comment: GPIO_PORTE_DEN used once
GPIO_PORTE_DIR 40024400

Symbol: GPIO_PORTE_DIR
   Definitions
      At line 37 in file GPIO_INIT.s
   Uses
      At line 167 in file GPIO_INIT.s
Comment: GPIO_PORTE_DIR used once
GPIO_PORTE_PCTL 4002452C

Symbol: GPIO_PORTE_PCTL
   Definitions
      At line 41 in file GPIO_INIT.s
   Uses
      None
Comment: GPIO_PORTE_PCTL unused
GPIO_PORTF_AFSEL 40025420

Symbol: GPIO_PORTF_AFSEL
   Definitions
      At line 47 in file GPIO_INIT.s
   Uses
      At line 113 in file GPIO_INIT.s
Comment: GPIO_PORTF_AFSEL used once
GPIO_PORTF_AMSEL 40025528

Symbol: GPIO_PORTF_AMSEL
   Definitions
      At line 49 in file GPIO_INIT.s
   Uses
      At line 123 in file GPIO_INIT.s
Comment: GPIO_PORTF_AMSEL used once
GPIO_PORTF_CMR 40025524

Symbol: GPIO_PORTF_CMR
   Definitions
      At line 55 in file GPIO_INIT.s
   Uses
      At line 103 in file GPIO_INIT.s
Comment: GPIO_PORTF_CMR used once
GPIO_PORTF_DATA 40025044

Symbol: GPIO_PORTF_DATA
   Definitions
      At line 45 in file GPIO_INIT.s
   Uses
      None
Comment: GPIO_PORTF_DATA unused
GPIO_PORTF_DEN 4002551C

Symbol: GPIO_PORTF_DEN
   Definitions
      At line 48 in file GPIO_INIT.s
   Uses
      At line 118 in file GPIO_INIT.s
Comment: GPIO_PORTF_DEN used once



ARM Macro Assembler    Page 4 Alphabetic symbol ordering
Absolute symbols

GPIO_PORTF_DIR 40025400

Symbol: GPIO_PORTF_DIR
   Definitions
      At line 46 in file GPIO_INIT.s
   Uses
      At line 108 in file GPIO_INIT.s
Comment: GPIO_PORTF_DIR used once
GPIO_PORTF_IBE 40025408

Symbol: GPIO_PORTF_IBE
   Definitions
      At line 59 in file GPIO_INIT.s
   Uses
      None
Comment: GPIO_PORTF_IBE unused
GPIO_PORTF_ICR 4002541C

Symbol: GPIO_PORTF_ICR
   Definitions
      At line 62 in file GPIO_INIT.s
   Uses
      None
Comment: GPIO_PORTF_ICR unused
GPIO_PORTF_IEV 4002540C

Symbol: GPIO_PORTF_IEV
   Definitions
      At line 60 in file GPIO_INIT.s
   Uses
      None
Comment: GPIO_PORTF_IEV unused
GPIO_PORTF_IM 40025410

Symbol: GPIO_PORTF_IM
   Definitions
      At line 61 in file GPIO_INIT.s
   Uses
      None
Comment: GPIO_PORTF_IM unused
GPIO_PORTF_IS 40025404

Symbol: GPIO_PORTF_IS
   Definitions
      At line 58 in file GPIO_INIT.s
   Uses
      None
Comment: GPIO_PORTF_IS unused
GPIO_PORTF_LOCK 40025520

Symbol: GPIO_PORTF_LOCK
   Definitions
      At line 53 in file GPIO_INIT.s
   Uses
      At line 99 in file GPIO_INIT.s
Comment: GPIO_PORTF_LOCK used once
GPIO_PORTF_PCTL 4002552C

Symbol: GPIO_PORTF_PCTL



ARM Macro Assembler    Page 5 Alphabetic symbol ordering
Absolute symbols

   Definitions
      At line 50 in file GPIO_INIT.s
   Uses
      None
Comment: GPIO_PORTF_PCTL unused
GPIO_PORTF_PDR 40025514

Symbol: GPIO_PORTF_PDR
   Definitions
      At line 51 in file GPIO_INIT.s
   Uses
      None
Comment: GPIO_PORTF_PDR unused
GPIO_PORTF_PUR 40025510

Symbol: GPIO_PORTF_PUR
   Definitions
      At line 52 in file GPIO_INIT.s
   Uses
      At line 128 in file GPIO_INIT.s
Comment: GPIO_PORTF_PUR used once
GPIO_PORTF_RIS 40025414

Symbol: GPIO_PORTF_RIS
   Definitions
      At line 63 in file GPIO_INIT.s
   Uses
      None
Comment: GPIO_PORTF_RIS unused
SYSCTL_RCGCADC 400FE638

Symbol: SYSCTL_RCGCADC
   Definitions
      At line 20 in file GPIO_INIT.s
   Uses
      At line 151 in file GPIO_INIT.s
Comment: SYSCTL_RCGCADC used once
SYSCTL_RCGCGPIO 400FE608

Symbol: SYSCTL_RCGCGPIO
   Definitions
      At line 33 in file GPIO_INIT.s
   Uses
      At line 92 in file GPIO_INIT.s
      At line 158 in file GPIO_INIT.s

35 symbols
378 symbols in table
