


ARM Macro Assembler    Page 1 


    1 00000000         ;*******************************************************
                       ******** 
    2 00000000         ; Main.s
    3 00000000         ; Includes the main code section for EE447 Laboratory Pr
                       oject
    4 00000000         ; Audio Recorder and Player
    5 00000000         ; Created by Ilayda BEYRELI 2093474 & Mehmet Ali YANIKLA
                       R 1877059
    6 00000000         ; Created at 03/01/2017 13.26
    7 00000000         ; Last Updated at 07/01/2017 12.06
    8 00000000         ; Additional Components : 
    9 00000000         ; 1. MAX9814 Microphone Amplifier with AGC and Low-Noise
                        Microphone Bias
   10 00000000         ; 2. MCP4725 12-Bit Digital-to-Analog Converter with EEP
                       ROM Memory in SOT-23-6
   11 00000000         ; 3. PAM8302A 2.5W Filterless Class-D Mono Audio Amplifi
                       er
   12 00000000         ; Added Files : 
   13 00000000         ; InChar.s, OutChar.s, OutStr.s, Startup.s, GPIO_INIT.s 
                       
   14 00000000         ;*******************************************************
                       ******** 
   15 00000000         ;*******************************************************
                       ******** 
   16 00000000         ; EQU Directives
   17 00000000         ; These directives do not allocate memory
   18 00000000         ;*******************************************************
                       ********
   19 00000000         ;LABEL    DIRECTIVE  VALUE   COMMENT
   20 00000000         
   21 00000000         ;GPIO Registers for Port F0(SW1) & F4(SW2)
   22 00000000 40025044 
                       GPIO_PORTF_DATA
                               EQU              0x40025044  ; Access F0 and F4 
                                                            *******
   23 00000000         
   24 00000000         ; Starting address memory used for data storage
   25 00000000 20000400 
                       MEMORY  EQU              0x20000400  ; selected for avoi
                                                            ding stack interfer
                                                            ence
   26 00000000         
   27 00000000 4003000C 
                       TIMER0_CTL
                               EQU              0x4003000C
   28 00000000         
   29 00000000         ;*******************************************************
                       ********
   30 00000000         ; Directives - This Data Section is part of the code
   31 00000000         ; It is in the read only section  so values cannot be ch
                       anged.
   32 00000000         ;*******************************************************
                       ********
   33 00000000         ;LABEL    DIRECTIVE  VALUE   COMMENT
   34 00000000                 AREA             sdata, DATA, READONLY
   35 00000000                 THUMB
   36 00000000         ;*******************************************************
                       ********
   37 00000000         ; Program section           



ARM Macro Assembler    Page 2 


   38 00000000         ;*******************************************************
                       ********
   39 00000000         ;LABEL    DIRECTIVE  VALUE   COMMENT
   40 00000000                 AREA             main, READONLY, CODE
   41 00000000                 THUMB
   42 00000000                 EXTERN           OutStr      ; Reference externa
                                                            l subroutine 
   43 00000000                 EXTERN           InChar      ;
   44 00000000                 EXTERN           OutChar     ;
   45 00000000         
   46 00000000                 EXTERN           PLLClock    ; 
   47 00000000                 EXTERN           RECORD      ;
   48 00000000         
   49 00000000                 EXTERN           ADC0_INIT   ; Analog to Digital
                                                             Converter subrouti
                                                            ne
   50 00000000                 EXTERN           KEY_INIT    ; switch input enab
                                                            ling subroutine
   51 00000000                 EXTERN           DELAY100    ;
   52 00000000                 EXTERN           I2C0_INIT   ; 
   53 00000000                 EXTERN           I2C0_SEND   ; 
   54 00000000         
   55 00000000         
   56 00000000                 EXPORT           __main      ; Make available
   57 00000000         
   58 00000000         ; Starting Main Program
   59 00000000         ;*******************************************************
                       **********
   60 00000000         __main
   61 00000000 BF00    start   NOP                          ;
   62 00000002         
   63 00000002 F7FF FFFE       BL               PLLClock    ;
   64 00000006         
   65 00000006 F7FF FFFE       BL               KEY_INIT    ;
   66 0000000A         
   67 0000000A F04F 055A       MOV              R5, #90     ;
   68 0000000E F7FF FFFE       BL               OutChar     ;     
   69 00000012         
   70 00000012 4918    roundrobinstart
                               LDR              R1, =GPIO_PORTF_DATA ;
   71 00000014         
   72 00000014 6808    SwitchPoll
                               LDR              R0,[R1]     ;
   73 00000016         
   74 00000016 2811            CMP              R0, #0x11   ; 
   75 00000018 D0FC            BEQ              SwitchPoll  ; 
   76 0000001A         
   77 0000001A         ; pressing a switch breaks the loop  
   78 0000001A         
   79 0000001A F7FF FFFE       BL               DELAY100    ; 
   80 0000001E 680A            LDR              R2,[R1]     ;
   81 00000020         
   82 00000020 4290            CMP              R0, R2      ;
   83 00000022 D1F7            BNE              SwitchPoll  ;
   84 00000024         
   85 00000024 2801            CMP              R0, #0x1    ;
   86 00000026 D000            BEQ              SW1         ; 
   87 00000028 D10D            BNE              SW2         ; 
   88 0000002A         



ARM Macro Assembler    Page 3 


   89 0000002A         ; F4 is cleared, SW1 is pressed  ------  RECORD    
   90 0000002A         SW1
   91 0000002A         ;test branches
   92 0000002A F04F 0550       MOV              R5, #80     ; P 
   93 0000002E F7FF FFFE       BL               OutChar     ;
   94 00000032         ; actual operation branches  
   95 00000032 F645 57C0 
              F2C0 0700        MOV32            R7, #24000  ; 
   96 0000003A 4B0F            LDR              R3, =MEMORY ; 
   97 0000003C         
   98 0000003C F7FF FFFE       BL               ADC0_INIT   ;
   99 00000040         
  100 00000040         ;MOV    R5, #83 ; S 
  101 00000040         ;L     OutChar
  102 00000040         
  103 00000040 F7FF FFFE       BL               RECORD      ; 
  104 00000044         
  105 00000044         ;test sample loading for I2C 
  106 00000044         
  107 00000044         ;test_loop   MOV    R0, #0xFF ;
  108 00000044         ;STRB   R0, [R3], #1 ;
  109 00000044         ;SUBS   R7, R7, #1 ;
  110 00000044         ;BNE    test_loop ;
  111 00000044         
  112 00000044         ;MOV    R5, R3 ;  
  113 00000044         ;BL     OutChar
  114 00000044         
  115 00000044 E015            B                roundrobin  ; 
  116 00000046         
  117 00000046         ; F0 is cleared, SW2 is pressed  ------- PLAY  
  118 00000046         SW2
  119 00000046         ; test branches
  120 00000046 F04F 0532       MOV              R5, #50     ; 2
  121 0000004A F7FF FFFE       BL               OutChar     ;
  122 0000004E         
  123 0000004E         ; actual operation branches
  124 0000004E         
  125 0000004E F645 57C0 
              F2C0 0700        MOV32            R7, #24000  ; 
  126 00000056 4B08            LDR              R3, =MEMORY ;
  127 00000058         
  128 00000058         
  129 00000058 F7FF FFFE       BL               I2C0_INIT   ;
  130 0000005C         
  131 0000005C F04F 0536       MOV              R5, #54     ; 6
  132 00000060 F7FF FFFE       BL               OutChar     ;     
  133 00000064         
  134 00000064 F7FF FFFE       BL               I2C0_SEND   ;
  135 00000068         
  136 00000068 F04F 0537       MOV              R5, #55     ; 7
  137 0000006C F7FF FFFE       BL               OutChar     ;
  138 00000070         
  139 00000070         ;RecordPoll
  140 00000070         
  141 00000070 E7FF            B                roundrobin  ;     
  142 00000072         
  143 00000072         
  144 00000072 E7CE    roundrobin
                               B                roundrobinstart ; 



ARM Macro Assembler    Page 4 


  145 00000074         
  146 00000074         ;*******************************************************
                       ********
  147 00000074         ; End of the program  section
  148 00000074         ;*******************************************************
                       ********
  149 00000074         ;LABEL        DIRECTIVE       VALUE                     
                             COMMENT
  150 00000074                 ALIGN
  151 00000074                 END
              40025044 
              20000400 
Command Line: --debug --xref --diag_suppress=9931 --cpu=Cortex-M4.fp --apcs=int
erwork --depend=.\objects\main.d -o.\objects\main.o -I.\RTE\_Target_1 -IC:\Keil
_v5\ARM\PACK\Keil\TM4C_DFP\1.1.0\Device\Include\TM4C123 -IC:\Keil_v5\ARM\CMSIS\
Include --predefine="__EVAL SETA 1" --predefine="__UVISION_VERSION SETA 524" --
predefine="TM4C1231H6PM SETA 1" --list=.\listings\main.lst Main.s



ARM Macro Assembler    Page 1 Alphabetic symbol ordering
Relocatable symbols

sdata 00000000

Symbol: sdata
   Definitions
      At line 34 in file Main.s
   Uses
      None
Comment: sdata unused
1 symbol



ARM Macro Assembler    Page 1 Alphabetic symbol ordering
Relocatable symbols

SW1 0000002A

Symbol: SW1
   Definitions
      At line 90 in file Main.s
   Uses
      At line 86 in file Main.s
Comment: SW1 used once
SW2 00000046

Symbol: SW2
   Definitions
      At line 118 in file Main.s
   Uses
      At line 87 in file Main.s
Comment: SW2 used once
SwitchPoll 00000014

Symbol: SwitchPoll
   Definitions
      At line 72 in file Main.s
   Uses
      At line 75 in file Main.s
      At line 83 in file Main.s

__main 00000000

Symbol: __main
   Definitions
      At line 60 in file Main.s
   Uses
      At line 56 in file Main.s
Comment: __main used once
main 00000000

Symbol: main
   Definitions
      At line 40 in file Main.s
   Uses
      None
Comment: main unused
roundrobin 00000072

Symbol: roundrobin
   Definitions
      At line 144 in file Main.s
   Uses
      At line 115 in file Main.s
      At line 141 in file Main.s

roundrobinstart 00000012

Symbol: roundrobinstart
   Definitions
      At line 70 in file Main.s
   Uses
      At line 144 in file Main.s
Comment: roundrobinstart used once
start 00000000



ARM Macro Assembler    Page 2 Alphabetic symbol ordering
Relocatable symbols


Symbol: start
   Definitions
      At line 61 in file Main.s
   Uses
      None
Comment: start unused
8 symbols



ARM Macro Assembler    Page 1 Alphabetic symbol ordering
Absolute symbols

GPIO_PORTF_DATA 40025044

Symbol: GPIO_PORTF_DATA
   Definitions
      At line 22 in file Main.s
   Uses
      At line 70 in file Main.s
Comment: GPIO_PORTF_DATA used once
MEMORY 20000400

Symbol: MEMORY
   Definitions
      At line 25 in file Main.s
   Uses
      At line 96 in file Main.s
      At line 126 in file Main.s

TIMER0_CTL 4003000C

Symbol: TIMER0_CTL
   Definitions
      At line 27 in file Main.s
   Uses
      None
Comment: TIMER0_CTL unused
3 symbols



ARM Macro Assembler    Page 1 Alphabetic symbol ordering
External symbols

ADC0_INIT 00000000

Symbol: ADC0_INIT
   Definitions
      At line 49 in file Main.s
   Uses
      At line 98 in file Main.s
Comment: ADC0_INIT used once
DELAY100 00000000

Symbol: DELAY100
   Definitions
      At line 51 in file Main.s
   Uses
      At line 79 in file Main.s
Comment: DELAY100 used once
I2C0_INIT 00000000

Symbol: I2C0_INIT
   Definitions
      At line 52 in file Main.s
   Uses
      At line 129 in file Main.s
Comment: I2C0_INIT used once
I2C0_SEND 00000000

Symbol: I2C0_SEND
   Definitions
      At line 53 in file Main.s
   Uses
      At line 134 in file Main.s
Comment: I2C0_SEND used once
InChar 00000000

Symbol: InChar
   Definitions
      At line 43 in file Main.s
   Uses
      None
Comment: InChar unused
KEY_INIT 00000000

Symbol: KEY_INIT
   Definitions
      At line 50 in file Main.s
   Uses
      At line 65 in file Main.s
Comment: KEY_INIT used once
OutChar 00000000

Symbol: OutChar
   Definitions
      At line 44 in file Main.s
   Uses
      At line 68 in file Main.s
      At line 93 in file Main.s
      At line 121 in file Main.s
      At line 132 in file Main.s
      At line 137 in file Main.s



ARM Macro Assembler    Page 2 Alphabetic symbol ordering
External symbols


OutStr 00000000

Symbol: OutStr
   Definitions
      At line 42 in file Main.s
   Uses
      None
Comment: OutStr unused
PLLClock 00000000

Symbol: PLLClock
   Definitions
      At line 46 in file Main.s
   Uses
      At line 63 in file Main.s
Comment: PLLClock used once
RECORD 00000000

Symbol: RECORD
   Definitions
      At line 47 in file Main.s
   Uses
      At line 103 in file Main.s
Comment: RECORD used once
10 symbols
358 symbols in table
