


ARM Macro Assembler    Page 1 


    1 00000000         ; <<< Use Configuration Wizard in Context Menu >>>
    2 00000000         ;*******************************************************
                       ***********************
    3 00000000         ;
    4 00000000         ; startup_rvmdk.S - Startup code for use with Keil's uVi
                       sion.
    5 00000000         ;
    6 00000000         ; Copyright (c) 2012 Texas Instruments Incorporated.  Al
                       l rights reserved.
    7 00000000         ; Software License Agreement
    8 00000000         ; 
    9 00000000         ; Texas Instruments (TI) is supplying this software for 
                       use solely and
   10 00000000         ; exclusively on TI's microcontroller products. The soft
                       ware is owned by
   11 00000000         ; TI and/or its suppliers, and is protected under applic
                       able copyright
   12 00000000         ; laws. You may not combine this software with "viral" o
                       pen-source
   13 00000000         ; software in order to form a larger program.
   14 00000000         ; 
   15 00000000         ; THIS SOFTWARE IS PROVIDED "AS IS" AND WITH ALL FAULTS.
                       
   16 00000000         ; NO WARRANTIES, WHETHER EXPRESS, IMPLIED OR STATUTORY, 
                       INCLUDING, BUT
   17 00000000         ; NOT LIMITED TO, IMPLIED WARRANTIES OF MERCHANTABILITY 
                       AND FITNESS FOR
   18 00000000         ; A PARTICULAR PURPOSE APPLY TO THIS SOFTWARE. TI SHALL 
                       NOT, UNDER ANY
   19 00000000         ; CIRCUMSTANCES, BE LIABLE FOR SPECIAL, INCIDENTAL, OR C
                       ONSEQUENTIAL
   20 00000000         ; DAMAGES, FOR ANY REASON WHATSOEVER.
   21 00000000         ; 
   22 00000000         ; This is part of revision 9453 of the EK-LM4F120XL Firm
                       ware Package.
   23 00000000         ;
   24 00000000         ;*******************************************************
                       ***********************
   25 00000000         ; Edited to conform with ISR names as described in 
   26 00000000         ;   "Embedded Systems: Introduction to ARM Cortex M Micr
                       ocontrollers",
   27 00000000         ;   ISBN: 978-1469998749, Jonathan Valvano, copyright (c
                       ) 2012
   28 00000000         ;   "Embedded Systems: Real Time Interfacing to ARM Cort
                       ex M Microcontrollers",
   29 00000000         ;   ISBN: 978-1463590154, Jonathan Valvano, copyright (c
                       ) 2012
   30 00000000         ;   "Embedded Systems: Real-Time Operating Systems for A
                       RM Cortex M Microcontrollers",
   31 00000000         ;   ISBN: 978-1466468863, Jonathan Valvano, copyright (c
                       ) 2013
   32 00000000         ;
   33 00000000         ;*******************************************************
                       ***********************
   34 00000000         ;
   35 00000000         ; <o> Stack Size (in Bytes) <0x0-0xFFFFFFFF:8>
   36 00000000         ;
   37 00000000         ;*******************************************************
                       ***********************



ARM Macro Assembler    Page 2 


   38 00000000 00000400 
                       Stack   EQU              0x00000400
   39 00000000         
   40 00000000         ;*******************************************************
                       ***********************
   41 00000000         ;
   42 00000000         ; <o> Heap Size (in Bytes) <0x0-0xFFFFFFFF:8>
   43 00000000         ;
   44 00000000         ;*******************************************************
                       ***********************
   45 00000000 00000000 
                       Heap    EQU              0x00000000
   46 00000000         
   47 00000000         ;*******************************************************
                       ***********************
   48 00000000         ;
   49 00000000         ; Allocate space for the stack.
   50 00000000         ;
   51 00000000         ;*******************************************************
                       ***********************
   52 00000000                 AREA             STACK, READWRITE, ALIGN=3
   53 00000000         StackMem
   54 00000000 00 00 00 
              00 00 00 
              00 00 00 
              00 00 00 
              00 00 00 
              00 00 00 
              00 00 00 
              00 00 00 
              00 00 00 
              00 00 00 
              00 00 00 
              00 00 00 
              00 00 00 
              00 00 00 
              00 00 00 
              00 00 00 
              00 00 00 
              00 00 00 
              00 00 00 
              00 00 00 
              00 00 00 
              00 00 00 
              00 00 00 
              00 00 00 
              00 00 00 
              00 00 00 
              00 00 00 
              00 00 00 
              00 00 00 
              00 00 00 
              00 00 00 
              00 00 00 
              00 00 00 
              00 00 00 
              00 00 00 
              00 00 00 
              00 00 00 



ARM Macro Assembler    Page 3 


              00 00 00 
              00 00 00 
              00 00 00 
              00 00 00 
              00 00 00 
              00 00 00 
              00 00 00 
              00 00 00 
              00 00 00 
              00 00 00 
              00 00 00 
              00 00 00 
              00 00 00 
              00 00 00 
              00 00 00 
              00 00 00 
              00 00 00 
              00 00 00 
              00 00 00 
              00 00 00 
              00 00 00 
              00 00 00 
              00 00 00 
              00 00 00 
              00 00 00 
              00 00 00 
              00 00 00 
              00 00 00 
              00 00 00 
              00 00 00 
              00 00 00 
              00 00 00 
              00 00 00 
              00 00 00 
              00 00 00 
              00 00 00 
              00 00 00 
              00 00 00 
              00 00 00 
              00 00 00 
              00 00 00 
              00 00 00 
              00 00 00 
              00 00 00 
              00 00 00 
              00 00 00 
              00 00 00 
              00 00 00 
              00 00 00 
              00 00 00 
              00 00 00 
              00 00 00 
              00 00 00 
              00 00 00 
              00 00 00 
              00 00 00 
              00 00 00 
              00 00 00 
              00 00 00 



ARM Macro Assembler    Page 4 


              00 00 00 
              00 00 00 
              00 00 00 
              00 00 00 
              00 00 00 
              00 00 00 
              00 00 00 
              00 00 00 
              00 00 00 
              00 00 00 
              00 00 00 
              00 00 00 
              00 00 00 
              00 00 00 
              00 00 00 
              00 00 00 
              00 00 00 
              00 00 00 
              00 00 00 
              00 00 00 
              00 00 00 
              00 00 00 
              00 00 00 
              00 00 00 
              00 00 00 
              00 00 00 
              00 00 00 
              00 00 00 
              00 00 00 
              00 00 00 
              00 00 00 
              00 00 00 
              00 00 00 
              00 00 00 
              00 00 00 
              00 00 00 
              00 00 00 
              00 00 00 
              00 00 00 
              00 00 00 
              00 00 00 
              00 00 00 
              00 00 00 
              00 00 00 
              00 00 00 
              00 00 00 
              00 00 00 
              00 00 00 
              00 00 00 
              00 00 00 
              00 00 00 
              00 00 00 
              00 00 00 
              00 00 00 
              00 00 00 
              00 00 00 
              00 00 00 
              00 00 00 
              00 00 00 



ARM Macro Assembler    Page 5 


              00 00 00 
              00 00 00 
              00 00 00 
              00 00 00 
              00 00 00 
              00 00 00 
              00 00 00 
              00 00 00 
              00 00 00 
              00 00 00 
              00 00 00 
              00 00 00 
              00 00 00 
              00 00 00 
              00 00 00 
              00 00 00 
              00 00 00 
              00 00 00 
              00 00 00 
              00 00 00 
              00 00 00 
              00 00 00 
              00 00 00 
              00 00 00 
              00 00 00 
              00 00 00 
              00 00 00 
              00 00 00 
              00 00 00 
              00 00 00 
              00 00 00 
              00 00 00 
              00 00 00 
              00 00 00 
              00 00 00 
              00 00 00 
              00 00 00 
              00 00 00 
              00 00 00 
              00 00 00 
              00 00 00 
              00 00 00 
              00 00 00 
              00 00 00 
              00 00 00 
              00 00 00 
              00 00 00 
              00 00 00 
              00 00 00 
              00 00 00 
              00 00 00 
              00 00 00 
              00 00 00 
              00 00 00 
              00 00 00 
              00 00 00 
              00 00 00 
              00 00 00 
              00 00 00 



ARM Macro Assembler    Page 6 


              00 00 00 
              00 00 00 
              00 00 00 
              00 00 00 
              00 00 00 
              00 00 00 
              00 00 00 
              00 00 00 
              00 00 00 
              00 00 00 
              00 00 00 
              00 00 00 
              00 00 00 
              00 00 00 
              00 00 00 
              00 00 00 
              00 00 00 
              00 00 00 
              00 00 00 
              00 00 00 
              00 00 00 
              00 00 00 
              00 00 00 
              00 00 00 
              00 00 00 
              00 00 00 
              00 00 00 
              00 00 00 
              00 00 00 
              00 00 00 
              00 00 00 
              00 00 00 
              00 00 00 
              00 00 00 
              00 00 00 
              00 00 00 
              00 00 00 
              00 00 00 
              00 00 00 
              00 00 00 
              00 00 00 
              00 00 00 
              00 00 00 
              00 00 00 
              00 00 00 
              00 00 00 
              00 00 00 
              00 00 00 
              00 00 00 
              00 00 00 
              00 00 00 
              00 00 00 
              00 00 00 
              00 00 00 
              00 00 00 
              00 00 00 
              00 00 00 
              00 00 00 
              00 00 00 



ARM Macro Assembler    Page 7 


              00 00 00 
              00 00 00 
              00 00 00 
              00 00 00 
              00 00 00 
              00 00 00 
              00 00 00 
              00 00 00 
              00 00 00 
              00 00 00 
              00 00 00 
              00 00 00 
              00 00 00 
              00 00 00 
              00 00 00 
              00 00 00 
              00 00 00 
              00 00 00 
              00 00 00 
              00 00 00 
              00 00 00 
              00 00 00 
              00 00 00 
              00 00 00 
              00 00 00 
              00 00 00 
              00 00 00 
              00 00 00 
              00 00 00 
              00 00 00 
              00 00 00 
              00 00 00 
              00 00 00 
              00 00 00 
              00 00 00 
              00 00 00 
              00 00 00 
              00 00 00 
              00 00 00 
              00 00 00 
              00 00 00 
              00 00 00 
              00 00 00 
              00 00 00 
              00 00 00 
              00 00 00 
              00 00 00 
              00 00 00 
              00 00 00 
              00 00 00 
              00 00 00 
              00 00 00 
              00 00 00 
              00 00 00 
              00 00 00 
              00 00 00 
              00 00 00 
              00 00 00 
              00 00 00 



ARM Macro Assembler    Page 8 


              00 00 00 
              00 00 00 
              00 00 00 
              00 00 00 
              00 00 00 
              00 00 00 
              00 00 00 
              00 00 00 
              00 00 00 
              00               SPACE            Stack
   55 00000400         
   56 00000400         __initial_sp
   57 00000400         
   58 00000400         ;*******************************************************
                       ***********************
   59 00000400         ;
   60 00000400         ; Allocate space for the heap.
   61 00000400         ;
   62 00000400         ;*******************************************************
                       ***********************
   63 00000400                 AREA             HEAP, NOINIT, READWRITE, ALIGN=
3
   64 00000000         __heap_base
   65 00000000         HeapMem
   66 00000000                 SPACE            Heap
   67 00000000         __heap_limit
   68 00000000         
   69 00000000         ;*******************************************************
                       ***********************
   70 00000000         ;
   71 00000000         ; Indicate that the code in this file preserves 8-byte a
                       lignment of the stack.
   72 00000000         ;
   73 00000000         ;*******************************************************
                       ***********************
   74 00000000                 PRESERVE8
   75 00000000         
   76 00000000         ;*******************************************************
                       ***********************
   77 00000000         ;
   78 00000000         ; Place code into the reset code section.
   79 00000000         ;
   80 00000000         ;*******************************************************
                       ***********************
   81 00000000                 AREA             RESET, CODE, READONLY
   82 00000000                 THUMB
   83 00000000         
   84 00000000                 EXTERN           OutChar     ;
   85 00000000         
   86 00000000         ;*******************************************************
                       ***********************
   87 00000000         ;
   88 00000000         ; The vector table.
   89 00000000         ;
   90 00000000         ;*******************************************************
                       ***********************
   91 00000000                 EXPORT           __Vectors
   92 00000000         __Vectors
   93 00000000 00000400        DCD              StackMem + Stack ; Top of Stack



ARM Macro Assembler    Page 9 


                                                            
   94 00000004 00000000        DCD              Reset_Handler ; Reset Handler
   95 00000008 00000000        DCD              NMI_Handler ; NMI Handler
   96 0000000C 00000000        DCD              HardFault_Handler ; Hard Fault 
                                                            Handler
   97 00000010 00000000        DCD              MemManage_Handler 
                                                            ; MPU Fault Handler
                                                            
   98 00000014 00000000        DCD              BusFault_Handler 
                                                            ; Bus Fault Handler
                                                            
   99 00000018 00000000        DCD              UsageFault_Handler ; Usage Faul
                                                            t Handler
  100 0000001C 00000000        DCD              0           ; Reserved
  101 00000020 00000000        DCD              0           ; Reserved
  102 00000024 00000000        DCD              0           ; Reserved
  103 00000028 00000000        DCD              0           ; Reserved
  104 0000002C 00000000        DCD              SVC_Handler ; SVCall Handler
  105 00000030 00000000        DCD              DebugMon_Handler ; Debug Monito
                                                            r Handler
  106 00000034 00000000        DCD              0           ; Reserved
  107 00000038 00000000        DCD              PendSV_Handler ; PendSV Handler
                                                            
  108 0000003C 00000000        DCD              SysTick_Handler 
                                                            ; SysTick Handler
  109 00000040 00000000        DCD              GPIOPortA_Handler ; GPIO Port A
                                                            
  110 00000044 00000000        DCD              GPIOPortB_Handler ; GPIO Port B
                                                            
  111 00000048 00000000        DCD              GPIOPortC_Handler ; GPIO Port C
                                                            
  112 0000004C 00000000        DCD              GPIOPortD_Handler ; GPIO Port D
                                                            
  113 00000050 00000000        DCD              GPIOPortE_Handler ; GPIO Port E
                                                            
  114 00000054 00000000        DCD              UART0_Handler ; UART0 Rx and Tx
                                                            
  115 00000058 00000000        DCD              UART1_Handler ; UART1 Rx and Tx
                                                            
  116 0000005C 00000000        DCD              SSI0_Handler ; SSI0 Rx and Tx
  117 00000060 00000000        DCD              I2C0_Handler ; I2C0 Master and 
                                                            Slave
  118 00000064 00000000        DCD              PWM0Fault_Handler ; PWM 0 Fault
                                                            
  119 00000068 00000000        DCD              PWM0Generator0_Handler 
                                                            ; PWM 0 Generator 0
                                                            
  120 0000006C 00000000        DCD              PWM0Generator1_Handler 
                                                            ; PWM 0 Generator 1
                                                            
  121 00000070 00000000        DCD              PWM0Generator2_Handler 
                                                            ; PWM 0 Generator 2
                                                            
  122 00000074 00000000        DCD              Quadrature0_Handler ; Quadratur
                                                            e Encoder 0
  123 00000078 00000000        DCD              ADC0Seq0_Handler 
                                                            ; ADC0 Sequence 0
  124 0000007C 00000000        DCD              ADC0Seq1_Handler 
                                                            ; ADC0 Sequence 1



ARM Macro Assembler    Page 10 


  125 00000080 00000000        DCD              ADC0Seq2_Handler 
                                                            ; ADC0 Sequence 2
  126 00000084 00000000        DCD              ADC0Seq3_Handler 
                                                            ; ADC0 Sequence 3
  127 00000088 00000000        DCD              WDT_Handler ; Watchdog
  128 0000008C 00000000        DCD              Timer0A_Handler ; Timer 0 subti
                                                            mer A
  129 00000090 00000000        DCD              Timer0B_Handler ; Timer 0 subti
                                                            mer B
  130 00000094 00000000        DCD              Timer1A_Handler ; Timer 1 subti
                                                            mer A
  131 00000098 00000000        DCD              Timer1B_Handler ; Timer 1 subti
                                                            mer B
  132 0000009C 00000000        DCD              Timer2A_Handler ; Timer 2 subti
                                                            mer A
  133 000000A0 00000000        DCD              Timer2B_Handler ; Timer 2 subti
                                                            mer B
  134 000000A4 00000000        DCD              Comp0_Handler ; Analog Comp 0
  135 000000A8 00000000        DCD              Comp1_Handler ; Analog Comp 1
  136 000000AC 00000000        DCD              Comp2_Handler ; Analog Comp 2
  137 000000B0 00000000        DCD              SysCtl_Handler ; System Control
                                                            
  138 000000B4 00000000        DCD              FlashCtl_Handler 
                                                            ; Flash Control
  139 000000B8 00000000        DCD              GPIOPortF_Handler ; GPIO Port F
                                                            
  140 000000BC 00000000        DCD              GPIOPortG_Handler ; GPIO Port G
                                                            
  141 000000C0 00000000        DCD              GPIOPortH_Handler ; GPIO Port H
                                                            
  142 000000C4 00000000        DCD              UART2_Handler ; UART2 Rx and Tx
                                                            
  143 000000C8 00000000        DCD              SSI1_Handler ; SSI1 Rx and Tx
  144 000000CC 00000000        DCD              Timer3A_Handler ; Timer 3 subti
                                                            mer A
  145 000000D0 00000000        DCD              Timer3B_Handler ; Timer 3 subti
                                                            mer B
  146 000000D4 00000000        DCD              I2C1_Handler ; I2C1 Master and 
                                                            Slave
  147 000000D8 00000000        DCD              Quadrature1_Handler ; Quadratur
                                                            e Encoder 1
  148 000000DC 00000000        DCD              CAN0_Handler ; CAN0
  149 000000E0 00000000        DCD              CAN1_Handler ; CAN1
  150 000000E4 00000000        DCD              CAN2_Handler ; CAN2
  151 000000E8 00000000        DCD              Ethernet_Handler ; Ethernet
  152 000000EC 00000000        DCD              Hibernate_Handler ; Hibernate
  153 000000F0 00000000        DCD              USB0_Handler ; USB0
  154 000000F4 00000000        DCD              PWM0Generator3_Handler 
                                                            ; PWM 0 Generator 3
                                                            
  155 000000F8 00000000        DCD              uDMA_Handler ; uDMA Software Tr
                                                            ansfer
  156 000000FC 00000000        DCD              uDMA_Error  ; uDMA Error
  157 00000100 00000000        DCD              ADC1Seq0_Handler 
                                                            ; ADC1 Sequence 0
  158 00000104 00000000        DCD              ADC1Seq1_Handler 
                                                            ; ADC1 Sequence 1
  159 00000108 00000000        DCD              ADC1Seq2_Handler 
                                                            ; ADC1 Sequence 2



ARM Macro Assembler    Page 11 


  160 0000010C 00000000        DCD              ADC1Seq3_Handler 
                                                            ; ADC1 Sequence 3
  161 00000110 00000000        DCD              I2S0_Handler ; I2S0
  162 00000114 00000000        DCD              ExtBus_Handler ; External Bus I
                                                            nterface 0
  163 00000118 00000000        DCD              GPIOPortJ_Handler ; GPIO Port J
                                                            
  164 0000011C 00000000        DCD              GPIOPortK_Handler ; GPIO Port K
                                                            
  165 00000120 00000000        DCD              GPIOPortL_Handler ; GPIO Port L
                                                            
  166 00000124 00000000        DCD              SSI2_Handler ; SSI2 Rx and Tx
  167 00000128 00000000        DCD              SSI3_Handler ; SSI3 Rx and Tx
  168 0000012C 00000000        DCD              UART3_Handler ; UART3 Rx and Tx
                                                            
  169 00000130 00000000        DCD              UART4_Handler ; UART4 Rx and Tx
                                                            
  170 00000134 00000000        DCD              UART5_Handler ; UART5 Rx and Tx
                                                            
  171 00000138 00000000        DCD              UART6_Handler ; UART6 Rx and Tx
                                                            
  172 0000013C 00000000        DCD              UART7_Handler ; UART7 Rx and Tx
                                                            
  173 00000140 00000000        DCD              0           ; Reserved
  174 00000144 00000000        DCD              0           ; Reserved
  175 00000148 00000000        DCD              0           ; Reserved
  176 0000014C 00000000        DCD              0           ; Reserved
  177 00000150 00000000        DCD              I2C2_Handler ; I2C2 Master and 
                                                            Slave
  178 00000154 00000000        DCD              I2C3_Handler ; I2C3 Master and 
                                                            Slave
  179 00000158 00000000        DCD              Timer4A_Handler ; Timer 4 subti
                                                            mer A
  180 0000015C 00000000        DCD              Timer4B_Handler ; Timer 4 subti
                                                            mer B
  181 00000160 00000000        DCD              0           ; Reserved
  182 00000164 00000000        DCD              0           ; Reserved
  183 00000168 00000000        DCD              0           ; Reserved
  184 0000016C 00000000        DCD              0           ; Reserved
  185 00000170 00000000        DCD              0           ; Reserved
  186 00000174 00000000        DCD              0           ; Reserved
  187 00000178 00000000        DCD              0           ; Reserved
  188 0000017C 00000000        DCD              0           ; Reserved
  189 00000180 00000000        DCD              0           ; Reserved
  190 00000184 00000000        DCD              0           ; Reserved
  191 00000188 00000000        DCD              0           ; Reserved
  192 0000018C 00000000        DCD              0           ; Reserved
  193 00000190 00000000        DCD              0           ; Reserved
  194 00000194 00000000        DCD              0           ; Reserved
  195 00000198 00000000        DCD              0           ; Reserved
  196 0000019C 00000000        DCD              0           ; Reserved
  197 000001A0 00000000        DCD              0           ; Reserved
  198 000001A4 00000000        DCD              0           ; Reserved
  199 000001A8 00000000        DCD              0           ; Reserved
  200 000001AC 00000000        DCD              0           ; Reserved
  201 000001B0 00000000        DCD              Timer5A_Handler ; Timer 5 subti
                                                            mer A
  202 000001B4 00000000        DCD              Timer5B_Handler ; Timer 5 subti
                                                            mer B



ARM Macro Assembler    Page 12 


  203 000001B8 00000000        DCD              WideTimer0A_Handler ; Wide Time
                                                            r 0 subtimer A
  204 000001BC 00000000        DCD              WideTimer0B_Handler ; Wide Time
                                                            r 0 subtimer B
  205 000001C0 00000000        DCD              WideTimer1A_Handler ; Wide Time
                                                            r 1 subtimer A
  206 000001C4 00000000        DCD              WideTimer1B_Handler ; Wide Time
                                                            r 1 subtimer B
  207 000001C8 00000000        DCD              WideTimer2A_Handler ; Wide Time
                                                            r 2 subtimer A
  208 000001CC 00000000        DCD              WideTimer2B_Handler ; Wide Time
                                                            r 2 subtimer B
  209 000001D0 00000000        DCD              WideTimer3A_Handler ; Wide Time
                                                            r 3 subtimer A
  210 000001D4 00000000        DCD              WideTimer3B_Handler ; Wide Time
                                                            r 3 subtimer B
  211 000001D8 00000000        DCD              WideTimer4A_Handler ; Wide Time
                                                            r 4 subtimer A
  212 000001DC 00000000        DCD              WideTimer4B_Handler ; Wide Time
                                                            r 4 subtimer B
  213 000001E0 00000000        DCD              WideTimer5A_Handler ; Wide Time
                                                            r 5 subtimer A
  214 000001E4 00000000        DCD              WideTimer5B_Handler ; Wide Time
                                                            r 5 subtimer B
  215 000001E8 00000000        DCD              FPU_Handler ; FPU
  216 000001EC 00000000        DCD              PECI0_Handler ; PECI 0
  217 000001F0 00000000        DCD              LPC0_Handler ; LPC 0
  218 000001F4 00000000        DCD              I2C4_Handler ; I2C4 Master and 
                                                            Slave
  219 000001F8 00000000        DCD              I2C5_Handler ; I2C5 Master and 
                                                            Slave
  220 000001FC 00000000        DCD              GPIOPortM_Handler ; GPIO Port M
                                                            
  221 00000200 00000000        DCD              GPIOPortN_Handler ; GPIO Port N
                                                            
  222 00000204 00000000        DCD              Quadrature2_Handler ; Quadratur
                                                            e Encoder 2
  223 00000208 00000000        DCD              Fan0_Handler ; Fan 0
  224 0000020C 00000000        DCD              0           ; Reserved
  225 00000210 00000000        DCD              GPIOPortP_Handler ; GPIO Port P
                                                             (Summary or P0)
  226 00000214 00000000        DCD              GPIOPortP1_Handler 
                                                            ; GPIO Port P1
  227 00000218 00000000        DCD              GPIOPortP2_Handler 
                                                            ; GPIO Port P2
  228 0000021C 00000000        DCD              GPIOPortP3_Handler 
                                                            ; GPIO Port P3
  229 00000220 00000000        DCD              GPIOPortP4_Handler 
                                                            ; GPIO Port P4
  230 00000224 00000000        DCD              GPIOPortP5_Handler 
                                                            ; GPIO Port P5
  231 00000228 00000000        DCD              GPIOPortP6_Handler 
                                                            ; GPIO Port P6
  232 0000022C 00000000        DCD              GPIOPortP7_Handler 
                                                            ; GPIO Port P7
  233 00000230 00000000        DCD              GPIOPortQ_Handler ; GPIO Port Q
                                                             (Summary or Q0)
  234 00000234 00000000        DCD              GPIOPortQ1_Handler 
                                                            ; GPIO Port Q1



ARM Macro Assembler    Page 13 


  235 00000238 00000000        DCD              GPIOPortQ2_Handler 
                                                            ; GPIO Port Q2
  236 0000023C 00000000        DCD              GPIOPortQ3_Handler 
                                                            ; GPIO Port Q3
  237 00000240 00000000        DCD              GPIOPortQ4_Handler 
                                                            ; GPIO Port Q4
  238 00000244 00000000        DCD              GPIOPortQ5_Handler 
                                                            ; GPIO Port Q5
  239 00000248 00000000        DCD              GPIOPortQ6_Handler 
                                                            ; GPIO Port Q6
  240 0000024C 00000000        DCD              GPIOPortQ7_Handler 
                                                            ; GPIO Port Q7
  241 00000250 00000000        DCD              GPIOPortR_Handler ; GPIO Port R
                                                            
  242 00000254 00000000        DCD              GPIOPortS_Handler ; GPIO Port S
                                                            
  243 00000258 00000000        DCD              PWM1Generator0_Handler 
                                                            ; PWM 1 Generator 0
                                                            
  244 0000025C 00000000        DCD              PWM1Generator1_Handler 
                                                            ; PWM 1 Generator 1
                                                            
  245 00000260 00000000        DCD              PWM1Generator2_Handler 
                                                            ; PWM 1 Generator 2
                                                            
  246 00000264 00000000        DCD              PWM1Generator3_Handler 
                                                            ; PWM 1 Generator 3
                                                            
  247 00000268 00000000        DCD              PWM1Fault_Handler ; PWM 1 Fault
                                                            
  248 0000026C         
  249 0000026C         ;*******************************************************
                       ***********************
  250 0000026C         ;
  251 0000026C         ; This is the code that gets called when the processor f
                       irst starts execution
  252 0000026C         ; following a reset event.
  253 0000026C         ;
  254 0000026C         ;*******************************************************
                       ***********************
  255 0000026C                 EXPORT           Reset_Handler
  256 0000026C         Reset_Handler
  257 0000026C         ;
  258 0000026C         ; DO NOT enable the floating-point unit.  This must be d
                       one here to handle the
  259 0000026C         ; case where main() uses floating-point and the function
                        prologue saves
  260 0000026C         ; floating-point registers (which will fault if floating
                       -point is not
  261 0000026C         ; enabled).  Any configuration of the floating-point uni
                       t using
  262 0000026C         ; DriverLib APIs must be done here prior to the floating
                       -point unit
  263 0000026C         ; being enabled.
  264 0000026C         ;
  265 0000026C         ; Note that this does not use DriverLib since it might n
                       ot be included
  266 0000026C         ; in this project.
  267 0000026C         ;



ARM Macro Assembler    Page 14 


  268 0000026C         ;        MOVW    R0, #0xED88
  269 0000026C         ;        MOVT    R0, #0xE000
  270 0000026C         ;        LDR     R1, [R0]
  271 0000026C         ;        ORR     R1, #0x00F00000
  272 0000026C         ;        STR     R1, [R0]
  273 0000026C         
  274 0000026C         ;
  275 0000026C         ; Call the C library enty point that handles startup.  T
                       his will copy
  276 0000026C         ; the .data section initializers from flash to SRAM and 
                       zero fill the
  277 0000026C         ; .bss section.
  278 0000026C         ;
  279 0000026C                 IMPORT           __main
  280 0000026C F7FF BFFE       B                __main
  281 00000270         
  282 00000270         ;*******************************************************
                       ***********************
  283 00000270         ;
  284 00000270         ; This is the code that gets called when the processor r
                       eceives a NMI.  This
  285 00000270         ; simply enters an infinite loop, preserving the system 
                       state for examination
  286 00000270         ; by a debugger.
  287 00000270         ;
  288 00000270         ;*******************************************************
                       ***********************
  289 00000270         NMI_Handler
                               PROC
  290 00000270                 EXPORT           NMI_Handler               [WEAK
]
  291 00000270 E7FE            B                .
  292 00000272                 ENDP
  293 00000272         
  294 00000272         ;*******************************************************
                       ***********************
  295 00000272         ;
  296 00000272         ; This is the code that gets called when the processor r
                       eceives a fault
  297 00000272         ; interrupt.  This simply enters an infinite loop, prese
                       rving the system state
  298 00000272         ; for examination by a debugger.
  299 00000272         ;
  300 00000272         ;*******************************************************
                       ***********************
  302 00000272         HardFault_Handler
                               PROC
  303 00000272                 EXPORT           HardFault_Handler         [WEAK
]
  304 00000272         
  305 00000272 F04F 057E       MOV              R5, #126    ;
  306 00000276 F7FF FFFE       BL               OutChar     ;
  307 0000027A         
  308 0000027A E7FE            B                .
  309 0000027C                 ENDP
  310 0000027C         
  312 0000027C         MemManage_Handler
                               PROC
  313 0000027C                 EXPORT           MemManage_Handler         [WEAK



ARM Macro Assembler    Page 15 


]
  314 0000027C E7FE            B                .
  315 0000027E                 ENDP
  317 0000027E         BusFault_Handler
                               PROC
  318 0000027E                 EXPORT           BusFault_Handler          [WEAK
]
  319 0000027E E7FE            B                .
  320 00000280                 ENDP
  322 00000280         UsageFault_Handler
                               PROC
  323 00000280                 EXPORT           UsageFault_Handler        [WEAK
]
  324 00000280 E7FE            B                .
  325 00000282                 ENDP
  326 00000282         SVC_Handler
                               PROC
  327 00000282                 EXPORT           SVC_Handler               [WEAK
]
  328 00000282 E7FE            B                .
  329 00000284                 ENDP
  331 00000284         DebugMon_Handler
                               PROC
  332 00000284                 EXPORT           DebugMon_Handler          [WEAK
]
  333 00000284 E7FE            B                .
  334 00000286                 ENDP
  335 00000286         PendSV_Handler
                               PROC
  336 00000286                 EXPORT           PendSV_Handler            [WEAK
]
  337 00000286 E7FE            B                .
  338 00000288                 ENDP
  339 00000288         SysTick_Handler
                               PROC
  340 00000288                 EXPORT           SysTick_Handler           [WEAK
]
  341 00000288 E7FE            B                .
  342 0000028A                 ENDP
  343 0000028A         
  345 0000028A         IntDefaultHandler
                               PROC
  346 0000028A         
  347 0000028A                 EXPORT           GPIOPortA_Handler         [WEAK
]
  348 0000028A                 EXPORT           GPIOPortB_Handler         [WEAK
]
  349 0000028A                 EXPORT           GPIOPortC_Handler         [WEAK
]
  350 0000028A                 EXPORT           GPIOPortD_Handler         [WEAK
]
  351 0000028A                 EXPORT           GPIOPortE_Handler         [WEAK
]
  352 0000028A                 EXPORT           UART0_Handler             [WEAK
]
  353 0000028A                 EXPORT           UART1_Handler             [WEAK
]
  354 0000028A                 EXPORT           SSI0_Handler              [WEAK
]



ARM Macro Assembler    Page 16 


  355 0000028A                 EXPORT           I2C0_Handler              [WEAK
]
  356 0000028A                 EXPORT           PWM0Fault_Handler         [WEAK
]
  357 0000028A                 EXPORT           PWM0Generator0_Handler    [WEAK
]
  358 0000028A                 EXPORT           PWM0Generator1_Handler    [WEAK
]
  359 0000028A                 EXPORT           PWM0Generator2_Handler    [WEAK
]
  360 0000028A                 EXPORT           Quadrature0_Handler       [WEAK
]
  361 0000028A                 EXPORT           ADC0Seq0_Handler          [WEAK
]
  362 0000028A                 EXPORT           ADC0Seq1_Handler          [WEAK
]
  363 0000028A                 EXPORT           ADC0Seq2_Handler          [WEAK
]
  364 0000028A                 EXPORT           ADC0Seq3_Handler          [WEAK
]
  365 0000028A                 EXPORT           WDT_Handler               [WEAK
]
  366 0000028A                 EXPORT           Timer0A_Handler           [WEAK
]
  367 0000028A                 EXPORT           Timer0B_Handler           [WEAK
]
  368 0000028A                 EXPORT           Timer1A_Handler           [WEAK
]
  369 0000028A                 EXPORT           Timer1B_Handler           [WEAK
]
  370 0000028A                 EXPORT           Timer2A_Handler           [WEAK
]
  371 0000028A                 EXPORT           Timer2B_Handler           [WEAK
]
  372 0000028A                 EXPORT           Comp0_Handler             [WEAK
]
  373 0000028A                 EXPORT           Comp1_Handler             [WEAK
]
  374 0000028A                 EXPORT           Comp2_Handler             [WEAK
]
  375 0000028A                 EXPORT           SysCtl_Handler            [WEAK
]
  376 0000028A                 EXPORT           FlashCtl_Handler          [WEAK
]
  377 0000028A                 EXPORT           GPIOPortF_Handler         [WEAK
]
  378 0000028A                 EXPORT           GPIOPortG_Handler         [WEAK
]
  379 0000028A                 EXPORT           GPIOPortH_Handler         [WEAK
]
  380 0000028A                 EXPORT           UART2_Handler             [WEAK
]
  381 0000028A                 EXPORT           SSI1_Handler              [WEAK
]
  382 0000028A                 EXPORT           Timer3A_Handler           [WEAK
]
  383 0000028A                 EXPORT           Timer3B_Handler           [WEAK
]
  384 0000028A                 EXPORT           I2C1_Handler              [WEAK



ARM Macro Assembler    Page 17 


]
  385 0000028A                 EXPORT           Quadrature1_Handler       [WEAK
]
  386 0000028A                 EXPORT           CAN0_Handler              [WEAK
]
  387 0000028A                 EXPORT           CAN1_Handler              [WEAK
]
  388 0000028A                 EXPORT           CAN2_Handler              [WEAK
]
  389 0000028A                 EXPORT           Ethernet_Handler          [WEAK
]
  390 0000028A                 EXPORT           Hibernate_Handler         [WEAK
]
  391 0000028A                 EXPORT           USB0_Handler              [WEAK
]
  392 0000028A                 EXPORT           PWM0Generator3_Handler    [WEAK
]
  393 0000028A                 EXPORT           uDMA_Handler              [WEAK
]
  394 0000028A                 EXPORT           uDMA_Error                [WEAK
]
  395 0000028A                 EXPORT           ADC1Seq0_Handler          [WEAK
]
  396 0000028A                 EXPORT           ADC1Seq1_Handler          [WEAK
]
  397 0000028A                 EXPORT           ADC1Seq2_Handler          [WEAK
]
  398 0000028A                 EXPORT           ADC1Seq3_Handler          [WEAK
]
  399 0000028A                 EXPORT           I2S0_Handler              [WEAK
]
  400 0000028A                 EXPORT           ExtBus_Handler            [WEAK
]
  401 0000028A                 EXPORT           GPIOPortJ_Handler         [WEAK
]
  402 0000028A                 EXPORT           GPIOPortK_Handler         [WEAK
]
  403 0000028A                 EXPORT           GPIOPortL_Handler         [WEAK
]
  404 0000028A                 EXPORT           SSI2_Handler              [WEAK
]
  405 0000028A                 EXPORT           SSI3_Handler              [WEAK
]
  406 0000028A                 EXPORT           UART3_Handler             [WEAK
]
  407 0000028A                 EXPORT           UART4_Handler             [WEAK
]
  408 0000028A                 EXPORT           UART5_Handler             [WEAK
]
  409 0000028A                 EXPORT           UART6_Handler             [WEAK
]
  410 0000028A                 EXPORT           UART7_Handler             [WEAK
]
  411 0000028A                 EXPORT           I2C2_Handler              [WEAK
]
  412 0000028A                 EXPORT           I2C3_Handler              [WEAK
]
  413 0000028A                 EXPORT           Timer4A_Handler           [WEAK
]



ARM Macro Assembler    Page 18 


  414 0000028A                 EXPORT           Timer4B_Handler           [WEAK
]
  415 0000028A                 EXPORT           Timer5A_Handler           [WEAK
]
  416 0000028A                 EXPORT           Timer5B_Handler           [WEAK
]
  417 0000028A                 EXPORT           WideTimer0A_Handler       [WEAK
]
  418 0000028A                 EXPORT           WideTimer0B_Handler       [WEAK
]
  419 0000028A                 EXPORT           WideTimer1A_Handler       [WEAK
]
  420 0000028A                 EXPORT           WideTimer1B_Handler       [WEAK
]
  421 0000028A                 EXPORT           WideTimer2A_Handler       [WEAK
]
  422 0000028A                 EXPORT           WideTimer2B_Handler       [WEAK
]
  423 0000028A                 EXPORT           WideTimer3A_Handler       [WEAK
]
  424 0000028A                 EXPORT           WideTimer3B_Handler       [WEAK
]
  425 0000028A                 EXPORT           WideTimer4A_Handler       [WEAK
]
  426 0000028A                 EXPORT           WideTimer4B_Handler       [WEAK
]
  427 0000028A                 EXPORT           WideTimer5A_Handler       [WEAK
]
  428 0000028A                 EXPORT           WideTimer5B_Handler       [WEAK
]
  429 0000028A                 EXPORT           FPU_Handler               [WEAK
]
  430 0000028A                 EXPORT           PECI0_Handler             [WEAK
]
  431 0000028A                 EXPORT           LPC0_Handler              [WEAK
]
  432 0000028A                 EXPORT           I2C4_Handler              [WEAK
]
  433 0000028A                 EXPORT           I2C5_Handler              [WEAK
]
  434 0000028A                 EXPORT           GPIOPortM_Handler         [WEAK
]
  435 0000028A                 EXPORT           GPIOPortN_Handler         [WEAK
]
  436 0000028A                 EXPORT           Quadrature2_Handler       [WEAK
]
  437 0000028A                 EXPORT           Fan0_Handler              [WEAK
]
  438 0000028A                 EXPORT           GPIOPortP_Handler         [WEAK
]
  439 0000028A                 EXPORT           GPIOPortP1_Handler        [WEAK
]
  440 0000028A                 EXPORT           GPIOPortP2_Handler        [WEAK
]
  441 0000028A                 EXPORT           GPIOPortP3_Handler        [WEAK
]
  442 0000028A                 EXPORT           GPIOPortP4_Handler        [WEAK
]
  443 0000028A                 EXPORT           GPIOPortP5_Handler        [WEAK



ARM Macro Assembler    Page 19 


]
  444 0000028A                 EXPORT           GPIOPortP6_Handler        [WEAK
]
  445 0000028A                 EXPORT           GPIOPortP7_Handler        [WEAK
]
  446 0000028A                 EXPORT           GPIOPortQ_Handler         [WEAK
]
  447 0000028A                 EXPORT           GPIOPortQ1_Handler        [WEAK
]
  448 0000028A                 EXPORT           GPIOPortQ2_Handler        [WEAK
]
  449 0000028A                 EXPORT           GPIOPortQ3_Handler        [WEAK
]
  450 0000028A                 EXPORT           GPIOPortQ4_Handler        [WEAK
]
  451 0000028A                 EXPORT           GPIOPortQ5_Handler        [WEAK
]
  452 0000028A                 EXPORT           GPIOPortQ6_Handler        [WEAK
]
  453 0000028A                 EXPORT           GPIOPortQ7_Handler        [WEAK
]
  454 0000028A                 EXPORT           GPIOPortR_Handler         [WEAK
]
  455 0000028A                 EXPORT           GPIOPortS_Handler         [WEAK
]
  456 0000028A                 EXPORT           PWM1Generator0_Handler    [WEAK
]
  457 0000028A                 EXPORT           PWM1Generator1_Handler    [WEAK
]
  458 0000028A                 EXPORT           PWM1Generator2_Handler    [WEAK
]
  459 0000028A                 EXPORT           PWM1Generator3_Handler    [WEAK
]
  460 0000028A                 EXPORT           PWM1Fault_Handler         [WEAK
]
  461 0000028A         
  462 0000028A         GPIOPortA_Handler
  463 0000028A         GPIOPortB_Handler
  464 0000028A         GPIOPortC_Handler
  465 0000028A         GPIOPortD_Handler
  466 0000028A         GPIOPortE_Handler
  467 0000028A         UART0_Handler
  468 0000028A         UART1_Handler
  469 0000028A         SSI0_Handler
  470 0000028A         I2C0_Handler
  471 0000028A         PWM0Fault_Handler
  472 0000028A         PWM0Generator0_Handler
  473 0000028A         PWM0Generator1_Handler
  474 0000028A         PWM0Generator2_Handler
  475 0000028A         Quadrature0_Handler
  476 0000028A         ADC0Seq0_Handler
  477 0000028A         ADC0Seq1_Handler
  478 0000028A         ADC0Seq2_Handler
  479 0000028A         ADC0Seq3_Handler
  480 0000028A         WDT_Handler
  481 0000028A         Timer0A_Handler
  482 0000028A         Timer0B_Handler
  483 0000028A         Timer1A_Handler
  484 0000028A         Timer1B_Handler



ARM Macro Assembler    Page 20 


  485 0000028A         Timer2A_Handler
  486 0000028A         Timer2B_Handler
  487 0000028A         Comp0_Handler
  488 0000028A         Comp1_Handler
  489 0000028A         Comp2_Handler
  490 0000028A         SysCtl_Handler
  491 0000028A         FlashCtl_Handler
  492 0000028A         GPIOPortF_Handler
  493 0000028A         GPIOPortG_Handler
  494 0000028A         GPIOPortH_Handler
  495 0000028A         UART2_Handler
  496 0000028A         SSI1_Handler
  497 0000028A         Timer3A_Handler
  498 0000028A         Timer3B_Handler
  499 0000028A         I2C1_Handler
  500 0000028A         Quadrature1_Handler
  501 0000028A         CAN0_Handler
  502 0000028A         CAN1_Handler
  503 0000028A         CAN2_Handler
  504 0000028A         Ethernet_Handler
  505 0000028A         Hibernate_Handler
  506 0000028A         USB0_Handler
  507 0000028A         PWM0Generator3_Handler
  508 0000028A         uDMA_Handler
  509 0000028A         uDMA_Error
  510 0000028A         ADC1Seq0_Handler
  511 0000028A         ADC1Seq1_Handler
  512 0000028A         ADC1Seq2_Handler
  513 0000028A         ADC1Seq3_Handler
  514 0000028A         I2S0_Handler
  515 0000028A         ExtBus_Handler
  516 0000028A         GPIOPortJ_Handler
  517 0000028A         GPIOPortK_Handler
  518 0000028A         GPIOPortL_Handler
  519 0000028A         SSI2_Handler
  520 0000028A         SSI3_Handler
  521 0000028A         UART3_Handler
  522 0000028A         UART4_Handler
  523 0000028A         UART5_Handler
  524 0000028A         UART6_Handler
  525 0000028A         UART7_Handler
  526 0000028A         I2C2_Handler
  527 0000028A         I2C3_Handler
  528 0000028A         Timer4A_Handler
  529 0000028A         Timer4B_Handler
  530 0000028A         Timer5A_Handler
  531 0000028A         Timer5B_Handler
  532 0000028A         WideTimer0A_Handler
  533 0000028A         WideTimer0B_Handler
  534 0000028A         WideTimer1A_Handler
  535 0000028A         WideTimer1B_Handler
  536 0000028A         WideTimer2A_Handler
  537 0000028A         WideTimer2B_Handler
  538 0000028A         WideTimer3A_Handler
  539 0000028A         WideTimer3B_Handler
  540 0000028A         WideTimer4A_Handler
  541 0000028A         WideTimer4B_Handler
  542 0000028A         WideTimer5A_Handler
  543 0000028A         WideTimer5B_Handler



ARM Macro Assembler    Page 21 


  544 0000028A         FPU_Handler
  545 0000028A         PECI0_Handler
  546 0000028A         LPC0_Handler
  547 0000028A         I2C4_Handler
  548 0000028A         I2C5_Handler
  549 0000028A         GPIOPortM_Handler
  550 0000028A         GPIOPortN_Handler
  551 0000028A         Quadrature2_Handler
  552 0000028A         Fan0_Handler
  553 0000028A         GPIOPortP_Handler
  554 0000028A         GPIOPortP1_Handler
  555 0000028A         GPIOPortP2_Handler
  556 0000028A         GPIOPortP3_Handler
  557 0000028A         GPIOPortP4_Handler
  558 0000028A         GPIOPortP5_Handler
  559 0000028A         GPIOPortP6_Handler
  560 0000028A         GPIOPortP7_Handler
  561 0000028A         GPIOPortQ_Handler
  562 0000028A         GPIOPortQ1_Handler
  563 0000028A         GPIOPortQ2_Handler
  564 0000028A         GPIOPortQ3_Handler
  565 0000028A         GPIOPortQ4_Handler
  566 0000028A         GPIOPortQ5_Handler
  567 0000028A         GPIOPortQ6_Handler
  568 0000028A         GPIOPortQ7_Handler
  569 0000028A         GPIOPortR_Handler
  570 0000028A         GPIOPortS_Handler
  571 0000028A         PWM1Generator0_Handler
  572 0000028A         PWM1Generator1_Handler
  573 0000028A         PWM1Generator2_Handler
  574 0000028A         PWM1Generator3_Handler
  575 0000028A         PWM1Fault_Handler
  576 0000028A         
  577 0000028A E7FE            B                .
  578 0000028C         
  579 0000028C                 ENDP
  580 0000028C         
  581 0000028C         ;*******************************************************
                       ***********************
  582 0000028C         ;
  583 0000028C         ; Make sure the end of this section is aligned.
  584 0000028C         ;
  585 0000028C         ;*******************************************************
                       ***********************
  586 0000028C                 ALIGN
  587 0000028C         
  588 0000028C         ;*******************************************************
                       ***********************
  589 0000028C         ;
  590 0000028C         ; Some code in the normal code section for initializing 
                       the heap and stack.
  591 0000028C         ;
  592 0000028C         ;*******************************************************
                       ***********************
  593 0000028C                 AREA             |.text|, CODE, READONLY
  594 00000000         
  595 00000000         
  596 00000000         ;*******************************************************
                       ***********************



ARM Macro Assembler    Page 22 


  597 00000000         ;
  598 00000000         ; Useful functions.
  599 00000000         ;
  600 00000000         ;*******************************************************
                       ***********************
  601 00000000                 EXPORT           DisableInterrupts
  602 00000000                 EXPORT           EnableInterrupts
  603 00000000                 EXPORT           StartCritical
  604 00000000                 EXPORT           EndCritical
  605 00000000                 EXPORT           WaitForInterrupt
  606 00000000         
  607 00000000         ;*********** DisableInterrupts ***************
  608 00000000         ; disable interrupts
  609 00000000         ; inputs:  none
  610 00000000         ; outputs: none
  611 00000000         DisableInterrupts
  612 00000000 B672            CPSID            I
  613 00000002 4770            BX               LR
  614 00000004         
  615 00000004         ;*********** EnableInterrupts ***************
  616 00000004         ; disable interrupts
  617 00000004         ; inputs:  none
  618 00000004         ; outputs: none
  619 00000004         EnableInterrupts
  620 00000004 B662            CPSIE            I
  621 00000006 4770            BX               LR
  622 00000008         
  623 00000008         ;*********** StartCritical ************************
  624 00000008         ; make a copy of previous I bit, disable interrupts
  625 00000008         ; inputs:  none
  626 00000008         ; outputs: previous I bit
  627 00000008         StartCritical
  628 00000008 F3EF 8010       MRS              R0, PRIMASK ; save old status
  629 0000000C B672            CPSID            I           ; mask all (except 
                                                            faults)
  630 0000000E 4770            BX               LR
  631 00000010         
  632 00000010         ;*********** EndCritical ************************
  633 00000010         ; using the copy of previous I bit, restore I bit to pre
                       vious value
  634 00000010         ; inputs:  previous I bit
  635 00000010         ; outputs: none
  636 00000010         EndCritical
  637 00000010 F380 8810       MSR              PRIMASK, R0
  638 00000014 4770            BX               LR
  639 00000016         
  640 00000016         ;*********** WaitForInterrupt ************************
  641 00000016         ; go to low power mode while waiting for the next interr
                       upt
  642 00000016         ; inputs:  none
  643 00000016         ; outputs: none
  644 00000016         WaitForInterrupt
  645 00000016 BF30            WFI
  646 00000018 4770            BX               LR
  647 0000001A         
  648 0000001A         ;*******************************************************
                       ***********************
  649 0000001A         ;
  650 0000001A         ; The function expected of the C library startup code fo



ARM Macro Assembler    Page 23 


                       r defining the stack
  651 0000001A         ; and heap memory locations.  For the C library version 
                       of the startup code,
  652 0000001A         ; provide this function so that the C library initializa
                       tion code can find out
  653 0000001A         ; the location of the stack and heap.
  654 0000001A         ;
  655 0000001A         ;*******************************************************
                       ***********************
  656 0000001A                 IF               :DEF: __MICROLIB
  661 0000001A                 IMPORT           __use_two_region_memory
  662 0000001A                 EXPORT           __user_initial_stackheap
  663 0000001A         __user_initial_stackheap
  664 0000001A 4802            LDR              R0, =HeapMem
  665 0000001C 4902            LDR              R1, =(StackMem + Stack)
  666 0000001E 4A01            LDR              R2, =(HeapMem + Heap)
  667 00000020 4B02            LDR              R3, =StackMem
  668 00000022 4770            BX               LR
  669 00000024                 ENDIF
  670 00000024         
  671 00000024         ;*******************************************************
                       ***********************
  672 00000024         ;
  673 00000024         ; Make sure the end of this section is aligned.
  674 00000024         ;
  675 00000024         ;*******************************************************
                       ***********************
  676 00000024                 ALIGN
  677 00000024         
  678 00000024         ;*******************************************************
                       ***********************
  679 00000024         ;
  680 00000024         ; Tell the assembler that we're done.
  681 00000024         ;
  682 00000024         ;*******************************************************
                       ***********************
  683 00000024                 END
              00000000 
              00000400 
              00000000 
Command Line: --debug --xref --diag_suppress=9931 --cpu=Cortex-M4.fp --apcs=int
erwork --depend=.\objects\startup.d -o.\objects\startup.o -I.\RTE\_Target_1 -IC
:\Keil_v5\ARM\PACK\Keil\TM4C_DFP\1.1.0\Device\Include\TM4C123 -IC:\Keil_v5\ARM\
CMSIS\Include --predefine="__EVAL SETA 1" --predefine="__UVISION_VERSION SETA 5
24" --predefine="TM4C1231H6PM SETA 1" --list=.\listings\startup.lst Startup.s



ARM Macro Assembler    Page 1 Alphabetic symbol ordering
Relocatable symbols

STACK 00000000

Symbol: STACK
   Definitions
      At line 52 in file Startup.s
   Uses
      None
Comment: STACK unused
StackMem 00000000

Symbol: StackMem
   Definitions
      At line 53 in file Startup.s
   Uses
      At line 93 in file Startup.s
      At line 665 in file Startup.s
      At line 667 in file Startup.s

__initial_sp 00000400

Symbol: __initial_sp
   Definitions
      At line 56 in file Startup.s
   Uses
      None
Comment: __initial_sp unused
3 symbols



ARM Macro Assembler    Page 1 Alphabetic symbol ordering
Relocatable symbols

HEAP 00000000

Symbol: HEAP
   Definitions
      At line 63 in file Startup.s
   Uses
      None
Comment: HEAP unused
HeapMem 00000000

Symbol: HeapMem
   Definitions
      At line 65 in file Startup.s
   Uses
      At line 664 in file Startup.s
      At line 666 in file Startup.s

__heap_base 00000000

Symbol: __heap_base
   Definitions
      At line 64 in file Startup.s
   Uses
      None
Comment: __heap_base unused
__heap_limit 00000000

Symbol: __heap_limit
   Definitions
      At line 67 in file Startup.s
   Uses
      None
Comment: __heap_limit unused
4 symbols



ARM Macro Assembler    Page 1 Alphabetic symbol ordering
Relocatable symbols

ADC0Seq0_Handler 0000028A

Symbol: ADC0Seq0_Handler
   Definitions
      At line 476 in file Startup.s
   Uses
      At line 123 in file Startup.s
      At line 361 in file Startup.s

ADC0Seq1_Handler 0000028A

Symbol: ADC0Seq1_Handler
   Definitions
      At line 477 in file Startup.s
   Uses
      At line 124 in file Startup.s
      At line 362 in file Startup.s

ADC0Seq2_Handler 0000028A

Symbol: ADC0Seq2_Handler
   Definitions
      At line 478 in file Startup.s
   Uses
      At line 125 in file Startup.s
      At line 363 in file Startup.s

ADC0Seq3_Handler 0000028A

Symbol: ADC0Seq3_Handler
   Definitions
      At line 479 in file Startup.s
   Uses
      At line 126 in file Startup.s
      At line 364 in file Startup.s

ADC1Seq0_Handler 0000028A

Symbol: ADC1Seq0_Handler
   Definitions
      At line 510 in file Startup.s
   Uses
      At line 157 in file Startup.s
      At line 395 in file Startup.s

ADC1Seq1_Handler 0000028A

Symbol: ADC1Seq1_Handler
   Definitions
      At line 511 in file Startup.s
   Uses
      At line 158 in file Startup.s
      At line 396 in file Startup.s

ADC1Seq2_Handler 0000028A

Symbol: ADC1Seq2_Handler
   Definitions
      At line 512 in file Startup.s



ARM Macro Assembler    Page 2 Alphabetic symbol ordering
Relocatable symbols

   Uses
      At line 159 in file Startup.s
      At line 397 in file Startup.s

ADC1Seq3_Handler 0000028A

Symbol: ADC1Seq3_Handler
   Definitions
      At line 513 in file Startup.s
   Uses
      At line 160 in file Startup.s
      At line 398 in file Startup.s

BusFault_Handler 0000027E

Symbol: BusFault_Handler
   Definitions
      At line 317 in file Startup.s
   Uses
      At line 98 in file Startup.s
      At line 318 in file Startup.s

CAN0_Handler 0000028A

Symbol: CAN0_Handler
   Definitions
      At line 501 in file Startup.s
   Uses
      At line 148 in file Startup.s
      At line 386 in file Startup.s

CAN1_Handler 0000028A

Symbol: CAN1_Handler
   Definitions
      At line 502 in file Startup.s
   Uses
      At line 149 in file Startup.s
      At line 387 in file Startup.s

CAN2_Handler 0000028A

Symbol: CAN2_Handler
   Definitions
      At line 503 in file Startup.s
   Uses
      At line 150 in file Startup.s
      At line 388 in file Startup.s

Comp0_Handler 0000028A

Symbol: Comp0_Handler
   Definitions
      At line 487 in file Startup.s
   Uses
      At line 134 in file Startup.s
      At line 372 in file Startup.s

Comp1_Handler 0000028A



ARM Macro Assembler    Page 3 Alphabetic symbol ordering
Relocatable symbols


Symbol: Comp1_Handler
   Definitions
      At line 488 in file Startup.s
   Uses
      At line 135 in file Startup.s
      At line 373 in file Startup.s

Comp2_Handler 0000028A

Symbol: Comp2_Handler
   Definitions
      At line 489 in file Startup.s
   Uses
      At line 136 in file Startup.s
      At line 374 in file Startup.s

DebugMon_Handler 00000284

Symbol: DebugMon_Handler
   Definitions
      At line 331 in file Startup.s
   Uses
      At line 105 in file Startup.s
      At line 332 in file Startup.s

Ethernet_Handler 0000028A

Symbol: Ethernet_Handler
   Definitions
      At line 504 in file Startup.s
   Uses
      At line 151 in file Startup.s
      At line 389 in file Startup.s

ExtBus_Handler 0000028A

Symbol: ExtBus_Handler
   Definitions
      At line 515 in file Startup.s
   Uses
      At line 162 in file Startup.s
      At line 400 in file Startup.s

FPU_Handler 0000028A

Symbol: FPU_Handler
   Definitions
      At line 544 in file Startup.s
   Uses
      At line 215 in file Startup.s
      At line 429 in file Startup.s

Fan0_Handler 0000028A

Symbol: Fan0_Handler
   Definitions
      At line 552 in file Startup.s
   Uses



ARM Macro Assembler    Page 4 Alphabetic symbol ordering
Relocatable symbols

      At line 223 in file Startup.s
      At line 437 in file Startup.s

FlashCtl_Handler 0000028A

Symbol: FlashCtl_Handler
   Definitions
      At line 491 in file Startup.s
   Uses
      At line 138 in file Startup.s
      At line 376 in file Startup.s

GPIOPortA_Handler 0000028A

Symbol: GPIOPortA_Handler
   Definitions
      At line 462 in file Startup.s
   Uses
      At line 109 in file Startup.s
      At line 347 in file Startup.s

GPIOPortB_Handler 0000028A

Symbol: GPIOPortB_Handler
   Definitions
      At line 463 in file Startup.s
   Uses
      At line 110 in file Startup.s
      At line 348 in file Startup.s

GPIOPortC_Handler 0000028A

Symbol: GPIOPortC_Handler
   Definitions
      At line 464 in file Startup.s
   Uses
      At line 111 in file Startup.s
      At line 349 in file Startup.s

GPIOPortD_Handler 0000028A

Symbol: GPIOPortD_Handler
   Definitions
      At line 465 in file Startup.s
   Uses
      At line 112 in file Startup.s
      At line 350 in file Startup.s

GPIOPortE_Handler 0000028A

Symbol: GPIOPortE_Handler
   Definitions
      At line 466 in file Startup.s
   Uses
      At line 113 in file Startup.s
      At line 351 in file Startup.s

GPIOPortF_Handler 0000028A




ARM Macro Assembler    Page 5 Alphabetic symbol ordering
Relocatable symbols

Symbol: GPIOPortF_Handler
   Definitions
      At line 492 in file Startup.s
   Uses
      At line 139 in file Startup.s
      At line 377 in file Startup.s

GPIOPortG_Handler 0000028A

Symbol: GPIOPortG_Handler
   Definitions
      At line 493 in file Startup.s
   Uses
      At line 140 in file Startup.s
      At line 378 in file Startup.s

GPIOPortH_Handler 0000028A

Symbol: GPIOPortH_Handler
   Definitions
      At line 494 in file Startup.s
   Uses
      At line 141 in file Startup.s
      At line 379 in file Startup.s

GPIOPortJ_Handler 0000028A

Symbol: GPIOPortJ_Handler
   Definitions
      At line 516 in file Startup.s
   Uses
      At line 163 in file Startup.s
      At line 401 in file Startup.s

GPIOPortK_Handler 0000028A

Symbol: GPIOPortK_Handler
   Definitions
      At line 517 in file Startup.s
   Uses
      At line 164 in file Startup.s
      At line 402 in file Startup.s

GPIOPortL_Handler 0000028A

Symbol: GPIOPortL_Handler
   Definitions
      At line 518 in file Startup.s
   Uses
      At line 165 in file Startup.s
      At line 403 in file Startup.s

GPIOPortM_Handler 0000028A

Symbol: GPIOPortM_Handler
   Definitions
      At line 549 in file Startup.s
   Uses
      At line 220 in file Startup.s



ARM Macro Assembler    Page 6 Alphabetic symbol ordering
Relocatable symbols

      At line 434 in file Startup.s

GPIOPortN_Handler 0000028A

Symbol: GPIOPortN_Handler
   Definitions
      At line 550 in file Startup.s
   Uses
      At line 221 in file Startup.s
      At line 435 in file Startup.s

GPIOPortP1_Handler 0000028A

Symbol: GPIOPortP1_Handler
   Definitions
      At line 554 in file Startup.s
   Uses
      At line 226 in file Startup.s
      At line 439 in file Startup.s

GPIOPortP2_Handler 0000028A

Symbol: GPIOPortP2_Handler
   Definitions
      At line 555 in file Startup.s
   Uses
      At line 227 in file Startup.s
      At line 440 in file Startup.s

GPIOPortP3_Handler 0000028A

Symbol: GPIOPortP3_Handler
   Definitions
      At line 556 in file Startup.s
   Uses
      At line 228 in file Startup.s
      At line 441 in file Startup.s

GPIOPortP4_Handler 0000028A

Symbol: GPIOPortP4_Handler
   Definitions
      At line 557 in file Startup.s
   Uses
      At line 229 in file Startup.s
      At line 442 in file Startup.s

GPIOPortP5_Handler 0000028A

Symbol: GPIOPortP5_Handler
   Definitions
      At line 558 in file Startup.s
   Uses
      At line 230 in file Startup.s
      At line 443 in file Startup.s

GPIOPortP6_Handler 0000028A

Symbol: GPIOPortP6_Handler



ARM Macro Assembler    Page 7 Alphabetic symbol ordering
Relocatable symbols

   Definitions
      At line 559 in file Startup.s
   Uses
      At line 231 in file Startup.s
      At line 444 in file Startup.s

GPIOPortP7_Handler 0000028A

Symbol: GPIOPortP7_Handler
   Definitions
      At line 560 in file Startup.s
   Uses
      At line 232 in file Startup.s
      At line 445 in file Startup.s

GPIOPortP_Handler 0000028A

Symbol: GPIOPortP_Handler
   Definitions
      At line 553 in file Startup.s
   Uses
      At line 225 in file Startup.s
      At line 438 in file Startup.s

GPIOPortQ1_Handler 0000028A

Symbol: GPIOPortQ1_Handler
   Definitions
      At line 562 in file Startup.s
   Uses
      At line 234 in file Startup.s
      At line 447 in file Startup.s

GPIOPortQ2_Handler 0000028A

Symbol: GPIOPortQ2_Handler
   Definitions
      At line 563 in file Startup.s
   Uses
      At line 235 in file Startup.s
      At line 448 in file Startup.s

GPIOPortQ3_Handler 0000028A

Symbol: GPIOPortQ3_Handler
   Definitions
      At line 564 in file Startup.s
   Uses
      At line 236 in file Startup.s
      At line 449 in file Startup.s

GPIOPortQ4_Handler 0000028A

Symbol: GPIOPortQ4_Handler
   Definitions
      At line 565 in file Startup.s
   Uses
      At line 237 in file Startup.s
      At line 450 in file Startup.s



ARM Macro Assembler    Page 8 Alphabetic symbol ordering
Relocatable symbols


GPIOPortQ5_Handler 0000028A

Symbol: GPIOPortQ5_Handler
   Definitions
      At line 566 in file Startup.s
   Uses
      At line 238 in file Startup.s
      At line 451 in file Startup.s

GPIOPortQ6_Handler 0000028A

Symbol: GPIOPortQ6_Handler
   Definitions
      At line 567 in file Startup.s
   Uses
      At line 239 in file Startup.s
      At line 452 in file Startup.s

GPIOPortQ7_Handler 0000028A

Symbol: GPIOPortQ7_Handler
   Definitions
      At line 568 in file Startup.s
   Uses
      At line 240 in file Startup.s
      At line 453 in file Startup.s

GPIOPortQ_Handler 0000028A

Symbol: GPIOPortQ_Handler
   Definitions
      At line 561 in file Startup.s
   Uses
      At line 233 in file Startup.s
      At line 446 in file Startup.s

GPIOPortR_Handler 0000028A

Symbol: GPIOPortR_Handler
   Definitions
      At line 569 in file Startup.s
   Uses
      At line 241 in file Startup.s
      At line 454 in file Startup.s

GPIOPortS_Handler 0000028A

Symbol: GPIOPortS_Handler
   Definitions
      At line 570 in file Startup.s
   Uses
      At line 242 in file Startup.s
      At line 455 in file Startup.s

HardFault_Handler 00000272

Symbol: HardFault_Handler
   Definitions



ARM Macro Assembler    Page 9 Alphabetic symbol ordering
Relocatable symbols

      At line 302 in file Startup.s
   Uses
      At line 96 in file Startup.s
      At line 303 in file Startup.s

Hibernate_Handler 0000028A

Symbol: Hibernate_Handler
   Definitions
      At line 505 in file Startup.s
   Uses
      At line 152 in file Startup.s
      At line 390 in file Startup.s

I2C0_Handler 0000028A

Symbol: I2C0_Handler
   Definitions
      At line 470 in file Startup.s
   Uses
      At line 117 in file Startup.s
      At line 355 in file Startup.s

I2C1_Handler 0000028A

Symbol: I2C1_Handler
   Definitions
      At line 499 in file Startup.s
   Uses
      At line 146 in file Startup.s
      At line 384 in file Startup.s

I2C2_Handler 0000028A

Symbol: I2C2_Handler
   Definitions
      At line 526 in file Startup.s
   Uses
      At line 177 in file Startup.s
      At line 411 in file Startup.s

I2C3_Handler 0000028A

Symbol: I2C3_Handler
   Definitions
      At line 527 in file Startup.s
   Uses
      At line 178 in file Startup.s
      At line 412 in file Startup.s

I2C4_Handler 0000028A

Symbol: I2C4_Handler
   Definitions
      At line 547 in file Startup.s
   Uses
      At line 218 in file Startup.s
      At line 432 in file Startup.s




ARM Macro Assembler    Page 10 Alphabetic symbol ordering
Relocatable symbols

I2C5_Handler 0000028A

Symbol: I2C5_Handler
   Definitions
      At line 548 in file Startup.s
   Uses
      At line 219 in file Startup.s
      At line 433 in file Startup.s

I2S0_Handler 0000028A

Symbol: I2S0_Handler
   Definitions
      At line 514 in file Startup.s
   Uses
      At line 161 in file Startup.s
      At line 399 in file Startup.s

IntDefaultHandler 0000028A

Symbol: IntDefaultHandler
   Definitions
      At line 345 in file Startup.s
   Uses
      None
Comment: IntDefaultHandler unused
LPC0_Handler 0000028A

Symbol: LPC0_Handler
   Definitions
      At line 546 in file Startup.s
   Uses
      At line 217 in file Startup.s
      At line 431 in file Startup.s

MemManage_Handler 0000027C

Symbol: MemManage_Handler
   Definitions
      At line 312 in file Startup.s
   Uses
      At line 97 in file Startup.s
      At line 313 in file Startup.s

NMI_Handler 00000270

Symbol: NMI_Handler
   Definitions
      At line 289 in file Startup.s
   Uses
      At line 95 in file Startup.s
      At line 290 in file Startup.s

PECI0_Handler 0000028A

Symbol: PECI0_Handler
   Definitions
      At line 545 in file Startup.s
   Uses



ARM Macro Assembler    Page 11 Alphabetic symbol ordering
Relocatable symbols

      At line 216 in file Startup.s
      At line 430 in file Startup.s

PWM0Fault_Handler 0000028A

Symbol: PWM0Fault_Handler
   Definitions
      At line 471 in file Startup.s
   Uses
      At line 118 in file Startup.s
      At line 356 in file Startup.s

PWM0Generator0_Handler 0000028A

Symbol: PWM0Generator0_Handler
   Definitions
      At line 472 in file Startup.s
   Uses
      At line 119 in file Startup.s
      At line 357 in file Startup.s

PWM0Generator1_Handler 0000028A

Symbol: PWM0Generator1_Handler
   Definitions
      At line 473 in file Startup.s
   Uses
      At line 120 in file Startup.s
      At line 358 in file Startup.s

PWM0Generator2_Handler 0000028A

Symbol: PWM0Generator2_Handler
   Definitions
      At line 474 in file Startup.s
   Uses
      At line 121 in file Startup.s
      At line 359 in file Startup.s

PWM0Generator3_Handler 0000028A

Symbol: PWM0Generator3_Handler
   Definitions
      At line 507 in file Startup.s
   Uses
      At line 154 in file Startup.s
      At line 392 in file Startup.s

PWM1Fault_Handler 0000028A

Symbol: PWM1Fault_Handler
   Definitions
      At line 575 in file Startup.s
   Uses
      At line 247 in file Startup.s
      At line 460 in file Startup.s

PWM1Generator0_Handler 0000028A




ARM Macro Assembler    Page 12 Alphabetic symbol ordering
Relocatable symbols

Symbol: PWM1Generator0_Handler
   Definitions
      At line 571 in file Startup.s
   Uses
      At line 243 in file Startup.s
      At line 456 in file Startup.s

PWM1Generator1_Handler 0000028A

Symbol: PWM1Generator1_Handler
   Definitions
      At line 572 in file Startup.s
   Uses
      At line 244 in file Startup.s
      At line 457 in file Startup.s

PWM1Generator2_Handler 0000028A

Symbol: PWM1Generator2_Handler
   Definitions
      At line 573 in file Startup.s
   Uses
      At line 245 in file Startup.s
      At line 458 in file Startup.s

PWM1Generator3_Handler 0000028A

Symbol: PWM1Generator3_Handler
   Definitions
      At line 574 in file Startup.s
   Uses
      At line 246 in file Startup.s
      At line 459 in file Startup.s

PendSV_Handler 00000286

Symbol: PendSV_Handler
   Definitions
      At line 335 in file Startup.s
   Uses
      At line 107 in file Startup.s
      At line 336 in file Startup.s

Quadrature0_Handler 0000028A

Symbol: Quadrature0_Handler
   Definitions
      At line 475 in file Startup.s
   Uses
      At line 122 in file Startup.s
      At line 360 in file Startup.s

Quadrature1_Handler 0000028A

Symbol: Quadrature1_Handler
   Definitions
      At line 500 in file Startup.s
   Uses
      At line 147 in file Startup.s



ARM Macro Assembler    Page 13 Alphabetic symbol ordering
Relocatable symbols

      At line 385 in file Startup.s

Quadrature2_Handler 0000028A

Symbol: Quadrature2_Handler
   Definitions
      At line 551 in file Startup.s
   Uses
      At line 222 in file Startup.s
      At line 436 in file Startup.s

RESET 00000000

Symbol: RESET
   Definitions
      At line 81 in file Startup.s
   Uses
      None
Comment: RESET unused
Reset_Handler 0000026C

Symbol: Reset_Handler
   Definitions
      At line 256 in file Startup.s
   Uses
      At line 94 in file Startup.s
      At line 255 in file Startup.s

SSI0_Handler 0000028A

Symbol: SSI0_Handler
   Definitions
      At line 469 in file Startup.s
   Uses
      At line 116 in file Startup.s
      At line 354 in file Startup.s

SSI1_Handler 0000028A

Symbol: SSI1_Handler
   Definitions
      At line 496 in file Startup.s
   Uses
      At line 143 in file Startup.s
      At line 381 in file Startup.s

SSI2_Handler 0000028A

Symbol: SSI2_Handler
   Definitions
      At line 519 in file Startup.s
   Uses
      At line 166 in file Startup.s
      At line 404 in file Startup.s

SSI3_Handler 0000028A

Symbol: SSI3_Handler
   Definitions



ARM Macro Assembler    Page 14 Alphabetic symbol ordering
Relocatable symbols

      At line 520 in file Startup.s
   Uses
      At line 167 in file Startup.s
      At line 405 in file Startup.s

SVC_Handler 00000282

Symbol: SVC_Handler
   Definitions
      At line 326 in file Startup.s
   Uses
      At line 104 in file Startup.s
      At line 327 in file Startup.s

SysCtl_Handler 0000028A

Symbol: SysCtl_Handler
   Definitions
      At line 490 in file Startup.s
   Uses
      At line 137 in file Startup.s
      At line 375 in file Startup.s

SysTick_Handler 00000288

Symbol: SysTick_Handler
   Definitions
      At line 339 in file Startup.s
   Uses
      At line 108 in file Startup.s
      At line 340 in file Startup.s

Timer0A_Handler 0000028A

Symbol: Timer0A_Handler
   Definitions
      At line 481 in file Startup.s
   Uses
      At line 128 in file Startup.s
      At line 366 in file Startup.s

Timer0B_Handler 0000028A

Symbol: Timer0B_Handler
   Definitions
      At line 482 in file Startup.s
   Uses
      At line 129 in file Startup.s
      At line 367 in file Startup.s

Timer1A_Handler 0000028A

Symbol: Timer1A_Handler
   Definitions
      At line 483 in file Startup.s
   Uses
      At line 130 in file Startup.s
      At line 368 in file Startup.s




ARM Macro Assembler    Page 15 Alphabetic symbol ordering
Relocatable symbols

Timer1B_Handler 0000028A

Symbol: Timer1B_Handler
   Definitions
      At line 484 in file Startup.s
   Uses
      At line 131 in file Startup.s
      At line 369 in file Startup.s

Timer2A_Handler 0000028A

Symbol: Timer2A_Handler
   Definitions
      At line 485 in file Startup.s
   Uses
      At line 132 in file Startup.s
      At line 370 in file Startup.s

Timer2B_Handler 0000028A

Symbol: Timer2B_Handler
   Definitions
      At line 486 in file Startup.s
   Uses
      At line 133 in file Startup.s
      At line 371 in file Startup.s

Timer3A_Handler 0000028A

Symbol: Timer3A_Handler
   Definitions
      At line 497 in file Startup.s
   Uses
      At line 144 in file Startup.s
      At line 382 in file Startup.s

Timer3B_Handler 0000028A

Symbol: Timer3B_Handler
   Definitions
      At line 498 in file Startup.s
   Uses
      At line 145 in file Startup.s
      At line 383 in file Startup.s

Timer4A_Handler 0000028A

Symbol: Timer4A_Handler
   Definitions
      At line 528 in file Startup.s
   Uses
      At line 179 in file Startup.s
      At line 413 in file Startup.s

Timer4B_Handler 0000028A

Symbol: Timer4B_Handler
   Definitions
      At line 529 in file Startup.s



ARM Macro Assembler    Page 16 Alphabetic symbol ordering
Relocatable symbols

   Uses
      At line 180 in file Startup.s
      At line 414 in file Startup.s

Timer5A_Handler 0000028A

Symbol: Timer5A_Handler
   Definitions
      At line 530 in file Startup.s
   Uses
      At line 201 in file Startup.s
      At line 415 in file Startup.s

Timer5B_Handler 0000028A

Symbol: Timer5B_Handler
   Definitions
      At line 531 in file Startup.s
   Uses
      At line 202 in file Startup.s
      At line 416 in file Startup.s

UART0_Handler 0000028A

Symbol: UART0_Handler
   Definitions
      At line 467 in file Startup.s
   Uses
      At line 114 in file Startup.s
      At line 352 in file Startup.s

UART1_Handler 0000028A

Symbol: UART1_Handler
   Definitions
      At line 468 in file Startup.s
   Uses
      At line 115 in file Startup.s
      At line 353 in file Startup.s

UART2_Handler 0000028A

Symbol: UART2_Handler
   Definitions
      At line 495 in file Startup.s
   Uses
      At line 142 in file Startup.s
      At line 380 in file Startup.s

UART3_Handler 0000028A

Symbol: UART3_Handler
   Definitions
      At line 521 in file Startup.s
   Uses
      At line 168 in file Startup.s
      At line 406 in file Startup.s

UART4_Handler 0000028A



ARM Macro Assembler    Page 17 Alphabetic symbol ordering
Relocatable symbols


Symbol: UART4_Handler
   Definitions
      At line 522 in file Startup.s
   Uses
      At line 169 in file Startup.s
      At line 407 in file Startup.s

UART5_Handler 0000028A

Symbol: UART5_Handler
   Definitions
      At line 523 in file Startup.s
   Uses
      At line 170 in file Startup.s
      At line 408 in file Startup.s

UART6_Handler 0000028A

Symbol: UART6_Handler
   Definitions
      At line 524 in file Startup.s
   Uses
      At line 171 in file Startup.s
      At line 409 in file Startup.s

UART7_Handler 0000028A

Symbol: UART7_Handler
   Definitions
      At line 525 in file Startup.s
   Uses
      At line 172 in file Startup.s
      At line 410 in file Startup.s

USB0_Handler 0000028A

Symbol: USB0_Handler
   Definitions
      At line 506 in file Startup.s
   Uses
      At line 153 in file Startup.s
      At line 391 in file Startup.s

UsageFault_Handler 00000280

Symbol: UsageFault_Handler
   Definitions
      At line 322 in file Startup.s
   Uses
      At line 99 in file Startup.s
      At line 323 in file Startup.s

WDT_Handler 0000028A

Symbol: WDT_Handler
   Definitions
      At line 480 in file Startup.s
   Uses



ARM Macro Assembler    Page 18 Alphabetic symbol ordering
Relocatable symbols

      At line 127 in file Startup.s
      At line 365 in file Startup.s

WideTimer0A_Handler 0000028A

Symbol: WideTimer0A_Handler
   Definitions
      At line 532 in file Startup.s
   Uses
      At line 203 in file Startup.s
      At line 417 in file Startup.s

WideTimer0B_Handler 0000028A

Symbol: WideTimer0B_Handler
   Definitions
      At line 533 in file Startup.s
   Uses
      At line 204 in file Startup.s
      At line 418 in file Startup.s

WideTimer1A_Handler 0000028A

Symbol: WideTimer1A_Handler
   Definitions
      At line 534 in file Startup.s
   Uses
      At line 205 in file Startup.s
      At line 419 in file Startup.s

WideTimer1B_Handler 0000028A

Symbol: WideTimer1B_Handler
   Definitions
      At line 535 in file Startup.s
   Uses
      At line 206 in file Startup.s
      At line 420 in file Startup.s

WideTimer2A_Handler 0000028A

Symbol: WideTimer2A_Handler
   Definitions
      At line 536 in file Startup.s
   Uses
      At line 207 in file Startup.s
      At line 421 in file Startup.s

WideTimer2B_Handler 0000028A

Symbol: WideTimer2B_Handler
   Definitions
      At line 537 in file Startup.s
   Uses
      At line 208 in file Startup.s
      At line 422 in file Startup.s

WideTimer3A_Handler 0000028A




ARM Macro Assembler    Page 19 Alphabetic symbol ordering
Relocatable symbols

Symbol: WideTimer3A_Handler
   Definitions
      At line 538 in file Startup.s
   Uses
      At line 209 in file Startup.s
      At line 423 in file Startup.s

WideTimer3B_Handler 0000028A

Symbol: WideTimer3B_Handler
   Definitions
      At line 539 in file Startup.s
   Uses
      At line 210 in file Startup.s
      At line 424 in file Startup.s

WideTimer4A_Handler 0000028A

Symbol: WideTimer4A_Handler
   Definitions
      At line 540 in file Startup.s
   Uses
      At line 211 in file Startup.s
      At line 425 in file Startup.s

WideTimer4B_Handler 0000028A

Symbol: WideTimer4B_Handler
   Definitions
      At line 541 in file Startup.s
   Uses
      At line 212 in file Startup.s
      At line 426 in file Startup.s

WideTimer5A_Handler 0000028A

Symbol: WideTimer5A_Handler
   Definitions
      At line 542 in file Startup.s
   Uses
      At line 213 in file Startup.s
      At line 427 in file Startup.s

WideTimer5B_Handler 0000028A

Symbol: WideTimer5B_Handler
   Definitions
      At line 543 in file Startup.s
   Uses
      At line 214 in file Startup.s
      At line 428 in file Startup.s

__Vectors 00000000

Symbol: __Vectors
   Definitions
      At line 92 in file Startup.s
   Uses
      At line 91 in file Startup.s



ARM Macro Assembler    Page 20 Alphabetic symbol ordering
Relocatable symbols

Comment: __Vectors used once
uDMA_Error 0000028A

Symbol: uDMA_Error
   Definitions
      At line 509 in file Startup.s
   Uses
      At line 156 in file Startup.s
      At line 394 in file Startup.s

uDMA_Handler 0000028A

Symbol: uDMA_Handler
   Definitions
      At line 508 in file Startup.s
   Uses
      At line 155 in file Startup.s
      At line 393 in file Startup.s

127 symbols



ARM Macro Assembler    Page 1 Alphabetic symbol ordering
Relocatable symbols

.text 00000000

Symbol: .text
   Definitions
      At line 593 in file Startup.s
   Uses
      None
Comment: .text unused
DisableInterrupts 00000000

Symbol: DisableInterrupts
   Definitions
      At line 611 in file Startup.s
   Uses
      At line 601 in file Startup.s
Comment: DisableInterrupts used once
EnableInterrupts 00000004

Symbol: EnableInterrupts
   Definitions
      At line 619 in file Startup.s
   Uses
      At line 602 in file Startup.s
Comment: EnableInterrupts used once
EndCritical 00000010

Symbol: EndCritical
   Definitions
      At line 636 in file Startup.s
   Uses
      At line 604 in file Startup.s
Comment: EndCritical used once
StartCritical 00000008

Symbol: StartCritical
   Definitions
      At line 627 in file Startup.s
   Uses
      At line 603 in file Startup.s
Comment: StartCritical used once
WaitForInterrupt 00000016

Symbol: WaitForInterrupt
   Definitions
      At line 644 in file Startup.s
   Uses
      At line 605 in file Startup.s
Comment: WaitForInterrupt used once
__user_initial_stackheap 0000001A

Symbol: __user_initial_stackheap
   Definitions
      At line 663 in file Startup.s
   Uses
      At line 662 in file Startup.s
Comment: __user_initial_stackheap used once
7 symbols



ARM Macro Assembler    Page 1 Alphabetic symbol ordering
Absolute symbols

Heap 00000000

Symbol: Heap
   Definitions
      At line 45 in file Startup.s
   Uses
      At line 66 in file Startup.s
      At line 666 in file Startup.s

Stack 00000400

Symbol: Stack
   Definitions
      At line 38 in file Startup.s
   Uses
      At line 54 in file Startup.s
      At line 93 in file Startup.s
      At line 665 in file Startup.s

2 symbols



ARM Macro Assembler    Page 1 Alphabetic symbol ordering
External symbols

OutChar 00000000

Symbol: OutChar
   Definitions
      At line 84 in file Startup.s
   Uses
      At line 306 in file Startup.s
Comment: OutChar used once
__main 00000000

Symbol: __main
   Definitions
      At line 279 in file Startup.s
   Uses
      At line 280 in file Startup.s
Comment: __main used once
__use_two_region_memory 00000000

Symbol: __use_two_region_memory
   Definitions
      At line 661 in file Startup.s
   Uses
      None
Comment: __use_two_region_memory unused
3 symbols
484 symbols in table
