


ARM Macro Assembler    Page 1 


    1 00000000         ;*******************************************************
                       ******** 
    2 00000000         ; TIMER.s
    3 00000000         ; Initiating systick for measuring 8kHz for sampling a s
                       ound signal 
    4 00000000         ; in EE447 Laboratory Project Audio Recorder and Player
    5 00000000         ; Created by Ilayda BEYRELI 2093474 & Mehmet Ali YANIKLA
                       R 1877059
    6 00000000         ; Created at 07/01/2017 12.06
    7 00000000         ; Last Updated at 07/01/2017 12.06
    8 00000000         ; Additional Components : 
    9 00000000         ; 1. MAX9814 Microphone Amplifier with AGC and Low-Noise
                        Microphone Bias
   10 00000000         ; 2. MCP4725 12-Bit Digital-to-Analog Converter with EEP
                       ROM Memory in SOT-23-6
   11 00000000         ; 3. PAM8302A 2.5W Filterless Class-D Mono Audio Amplifi
                       er
   12 00000000         ;*******************************************************
                       ******** 
   13 00000000         ;*******************************************************
                       ******** 
   14 00000000         ; EQU Directives
   15 00000000         ; These directives do not allocate memory
   16 00000000         ;*******************************************************
                       ********
   17 00000000         ;LABEL    DIRECTIVE  VALUE   COMMENT
   18 00000000 E000E010 
                       STCTRL  EQU              0xE000E010  ; SysTick Timer Con
                                                            trol
   19 00000000 E000E014 
                       STRELOAD
                               EQU              0xE000E014  ; SysTick Timer Rel
                                                            oad
   20 00000000 E000E018 
                       STCURRENT
                               EQU              0xE000E018  ; SysTick Timer Cur
                                                            rent
   21 00000000         
   22 00000000 00000011 
                       PERIOD  EQU              0x00000011  ; 
   23 00000000         
   24 00000000         ;ADC Register
   25 00000000 400FE638 
                       SYSCTL_RCGCADC
                               EQU              0x400FE638  ; ADC Clock Resigte
                                                            r
   26 00000000 40038000 
                       ADC0_ACTSS
                               EQU              0x40038000  ; Sample Sequencer 
                                                            (Base Address of AD
                                                            C0)
   27 00000000 40038004 
                       ADC0_RIS
                               EQU              0x40038004  ; Raw Interrupt Sta
                                                            tus
   28 00000000 40038008 
                       ADC0_IM EQU              0x40038008  ; Interupt Select
   29 00000000 40038014 
                       ADC0_EMUX



ARM Macro Assembler    Page 2 


                               EQU              0x40038014  ; Trigger Select
   30 00000000 40038028 
                       ADC0_PSSI
                               EQU              0x40038028  ; Initiate Sample
   31 00000000 400380A0 
                       ADC0_SSMUX3
                               EQU              0x400380A0  ; Input Channel Sel
                                                            ect
   32 00000000 400380A4 
                       ADC0_SSCTL3
                               EQU              0x400380A4  ; Sample Sequence C
                                                            ontrol
   33 00000000 400380A8 
                       ADC0_SSFIFO3
                               EQU              0x400380A8  ; Channel 3 Status
   34 00000000 40038FCA 
                       ADC0_PP EQU              0x40038FCA  ; Sample Rate
   35 00000000 4003800C 
                       ADC0_ISC
                               EQU              0x4003800C  ; Interrupt Status 
                                                            & Clear
   36 00000000         
   37 00000000         ;*******************************************************
                       ********
   38 00000000         ; Directives - This Data Section is part of the code
   39 00000000         ; It is in the read only section  so values cannot be ch
                       anged.
   40 00000000         ;*******************************************************
                       ********
   41 00000000         ;LABEL    DIRECTIVE  VALUE   COMMENT
   42 00000000                 AREA             routines, CODE, READONLY
   43 00000000                 THUMB
   44 00000000                 EXTERN           OutChar     ;
   45 00000000                 EXTERN           ADC0_INIT   ; 
   46 00000000                 EXTERN           DELAY       ; 20msec
   47 00000000                 EXTERN           DELAY100    ; 100msec
   48 00000000         
   49 00000000         
   50 00000000                 EXPORT           SYSTICK
   51 00000000         
   52 00000000         
   53 00000000         ;*******************************************************
                       ********
   54 00000000         ;  Subroutine section _ DELAY100 :  a subroutine that ca
                       uses
   55 00000000         ;         approximately 100 msec delay
   56 00000000         ;         upon calling
   57 00000000         ;Asked in Q1              - Q1
   58 00000000         ;*******************************************************
                       ********
   59 00000000         ;LABEL   DIRECTIVE  VALUE   COMMENT
   60 00000000         SYSTICK PROC
   61 00000000 B500            PUSH             {LR}        ;
   62 00000002 B407            PUSH             {R0-R2}     ;
   63 00000004         
   64 00000004         timerloop
   65 00000004 4819            LDR              R0, =STCTRL ; disable systick d
                                                            uring set up
   66 00000006 F04F 0100       MOV              R1, #0      ;



ARM Macro Assembler    Page 3 


   67 0000000A 6001            STR              R1, [R0]    ;
   68 0000000C         
   69 0000000C F04F 0111       LDR              R1, =PERIOD ; 
   70 00000010 6041            STR              R1, [R0, #4] ; reload counter
   71 00000012 6081            STR              R1, [R0, #8] ; clear counter
   72 00000014 F04F 0105       MOV              R1, #0x5    ; enable without in
                                                            terrupt
   73 00000018 6001            STR              R1, [R0]    ; start counter
   74 0000001A         
   75 0000001A F44F 3280 
                       CountLoop
                               MOV              R2, #0x10000 ;
   76 0000001E 6801            LDR              R1, [R0]    ;
   77 00000020 400A            ANDS             R2, R2, R1  ;
   78 00000022 D1FA            BNE              CountLoop   ;
   79 00000024         
   80 00000024         ;Sampling the audio signal
   81 00000024         
   82 00000024 4912    Sample  LDR              R1, =ADC0_PSSI ; initialize sam
                                                            pling
   83 00000026 6808            LDR              R0, [R1]    ;
   84 00000028 F040 0008       ORR              R0, R0, #0x08 ;
   85 0000002C 6008            STR              R0, [R1]    ;
   86 0000002E         
   87 0000002E         ;Polling   LDR    R1, =ADC0_RIS ; checking RIS resigter 
                       by polling
   88 0000002E         ;LDR    R0, [R1] ;
   89 0000002E         ;ANDS   R0, R0, #0x08 ;
   90 0000002E         ;BEQ    Polling ;
   91 0000002E         
   92 0000002E 4911            LDR              R1, =ADC0_SSFIFO3 ; read the re
                                                            sult in case of int
                                                            errupt
   93 00000030 680C            LDR              R4, [R1]    ;
   94 00000032         
   95 00000032         ; Storing the Data
   96 00000032 EA4F 1414       LSR              R4, #4      ;
   97 00000036 F803 4B01       STRB             R4, [R3], #1 ; 
   98 0000003A         
   99 0000003A         ;MOV    R5, R7 ;
  100 0000003A         ;BL     OutChar ;
  101 0000003A         
  102 0000003A 490F            LDR              R1, =ADC0_ISC ; clearing interr
                                                            upt flag
  103 0000003C F04F 0008       MOV              R0, #0x8    ;
  104 00000040 6008            STR              R0, [R1]    ; 
  105 00000042         
  106 00000042         ; Resampling Decision Segment
  107 00000042 2F00            CMP              R7, #0      ; 
  108 00000044 D100            BNE              SampleNotDone ; 
  109 00000046 E006            B                EndofHandler
  110 00000048         
  111 00000048         SampleNotDone
  112 00000048         
  113 00000048 F04F 0546       MOV              R5, #70     ; 'F'
  114 0000004C F7FF FFFE       BL               OutChar     ;
  115 00000050         
  116 00000050 F1A7 0701       SUB              R7, R7, #1  ;
  117 00000054 E7D6            B                timerloop   ;



ARM Macro Assembler    Page 4 


  118 00000056         
  119 00000056         EndofHandler
  120 00000056 F04F 0548       MOV              R5, #72     ; 'H'
  121 0000005A F7FF FFFE       BL               OutChar     ;
  122 0000005E         
  123 0000005E F04F 0100       MOV              R1, #0      ;
  124 00000062 6001            STR              R1, [R0]    ; disable systick w
                                                            ihle exitting the s
                                                            ubroutine
  125 00000064         
  126 00000064 BC07            POP              {R0-R2}     ;
  127 00000066 F85D EB04       POP              {LR}        ;
  128 0000006A 4770            BX               LR          ;
  129 0000006C                 ENDP
  130 0000006C         
  131 0000006C                 ALIGN
  132 0000006C                 END
              E000E010 
              40038028 
              400380A8 
              4003800C 
Command Line: --debug --xref --diag_suppress=9931 --cpu=Cortex-M4.fp --apcs=int
erwork --depend=.\objects\systicktimer.d -o.\objects\systicktimer.o -I.\RTE\_Ta
rget_1 -IC:\Keil_v5\ARM\PACK\Keil\TM4C_DFP\1.1.0\Device\Include\TM4C123 -IC:\Ke
il_v5\ARM\CMSIS\Include --predefine="__EVAL SETA 1" --predefine="__UVISION_VERS
ION SETA 524" --predefine="TM4C1231H6PM SETA 1" --list=.\listings\systicktimer.
lst SYSTICKTIMER.s



ARM Macro Assembler    Page 1 Alphabetic symbol ordering
Relocatable symbols

CountLoop 0000001A

Symbol: CountLoop
   Definitions
      At line 75 in file SYSTICKTIMER.s
   Uses
      At line 78 in file SYSTICKTIMER.s
Comment: CountLoop used once
EndofHandler 00000056

Symbol: EndofHandler
   Definitions
      At line 119 in file SYSTICKTIMER.s
   Uses
      At line 109 in file SYSTICKTIMER.s
Comment: EndofHandler used once
SYSTICK 00000000

Symbol: SYSTICK
   Definitions
      At line 60 in file SYSTICKTIMER.s
   Uses
      At line 50 in file SYSTICKTIMER.s
Comment: SYSTICK used once
Sample 00000024

Symbol: Sample
   Definitions
      At line 82 in file SYSTICKTIMER.s
   Uses
      None
Comment: Sample unused
SampleNotDone 00000048

Symbol: SampleNotDone
   Definitions
      At line 111 in file SYSTICKTIMER.s
   Uses
      At line 108 in file SYSTICKTIMER.s
Comment: SampleNotDone used once
routines 00000000

Symbol: routines
   Definitions
      At line 42 in file SYSTICKTIMER.s
   Uses
      None
Comment: routines unused
timerloop 00000004

Symbol: timerloop
   Definitions
      At line 64 in file SYSTICKTIMER.s
   Uses
      At line 117 in file SYSTICKTIMER.s
Comment: timerloop used once
7 symbols



ARM Macro Assembler    Page 1 Alphabetic symbol ordering
Absolute symbols

ADC0_ACTSS 40038000

Symbol: ADC0_ACTSS
   Definitions
      At line 26 in file SYSTICKTIMER.s
   Uses
      None
Comment: ADC0_ACTSS unused
ADC0_EMUX 40038014

Symbol: ADC0_EMUX
   Definitions
      At line 29 in file SYSTICKTIMER.s
   Uses
      None
Comment: ADC0_EMUX unused
ADC0_IM 40038008

Symbol: ADC0_IM
   Definitions
      At line 28 in file SYSTICKTIMER.s
   Uses
      None
Comment: ADC0_IM unused
ADC0_ISC 4003800C

Symbol: ADC0_ISC
   Definitions
      At line 35 in file SYSTICKTIMER.s
   Uses
      At line 102 in file SYSTICKTIMER.s
Comment: ADC0_ISC used once
ADC0_PP 40038FCA

Symbol: ADC0_PP
   Definitions
      At line 34 in file SYSTICKTIMER.s
   Uses
      None
Comment: ADC0_PP unused
ADC0_PSSI 40038028

Symbol: ADC0_PSSI
   Definitions
      At line 30 in file SYSTICKTIMER.s
   Uses
      At line 82 in file SYSTICKTIMER.s
Comment: ADC0_PSSI used once
ADC0_RIS 40038004

Symbol: ADC0_RIS
   Definitions
      At line 27 in file SYSTICKTIMER.s
   Uses
      None
Comment: ADC0_RIS unused
ADC0_SSCTL3 400380A4

Symbol: ADC0_SSCTL3



ARM Macro Assembler    Page 2 Alphabetic symbol ordering
Absolute symbols

   Definitions
      At line 32 in file SYSTICKTIMER.s
   Uses
      None
Comment: ADC0_SSCTL3 unused
ADC0_SSFIFO3 400380A8

Symbol: ADC0_SSFIFO3
   Definitions
      At line 33 in file SYSTICKTIMER.s
   Uses
      At line 92 in file SYSTICKTIMER.s
Comment: ADC0_SSFIFO3 used once
ADC0_SSMUX3 400380A0

Symbol: ADC0_SSMUX3
   Definitions
      At line 31 in file SYSTICKTIMER.s
   Uses
      None
Comment: ADC0_SSMUX3 unused
PERIOD 00000011

Symbol: PERIOD
   Definitions
      At line 22 in file SYSTICKTIMER.s
   Uses
      At line 69 in file SYSTICKTIMER.s
Comment: PERIOD used once
STCTRL E000E010

Symbol: STCTRL
   Definitions
      At line 18 in file SYSTICKTIMER.s
   Uses
      At line 65 in file SYSTICKTIMER.s
Comment: STCTRL used once
STCURRENT E000E018

Symbol: STCURRENT
   Definitions
      At line 20 in file SYSTICKTIMER.s
   Uses
      None
Comment: STCURRENT unused
STRELOAD E000E014

Symbol: STRELOAD
   Definitions
      At line 19 in file SYSTICKTIMER.s
   Uses
      None
Comment: STRELOAD unused
SYSCTL_RCGCADC 400FE638

Symbol: SYSCTL_RCGCADC
   Definitions
      At line 25 in file SYSTICKTIMER.s
   Uses



ARM Macro Assembler    Page 3 Alphabetic symbol ordering
Absolute symbols

      None
Comment: SYSCTL_RCGCADC unused
15 symbols



ARM Macro Assembler    Page 1 Alphabetic symbol ordering
External symbols

ADC0_INIT 00000000

Symbol: ADC0_INIT
   Definitions
      At line 45 in file SYSTICKTIMER.s
   Uses
      None
Comment: ADC0_INIT unused
DELAY 00000000

Symbol: DELAY
   Definitions
      At line 46 in file SYSTICKTIMER.s
   Uses
      None
Comment: DELAY unused
DELAY100 00000000

Symbol: DELAY100
   Definitions
      At line 47 in file SYSTICKTIMER.s
   Uses
      None
Comment: DELAY100 unused
OutChar 00000000

Symbol: OutChar
   Definitions
      At line 44 in file SYSTICKTIMER.s
   Uses
      At line 114 in file SYSTICKTIMER.s
      At line 121 in file SYSTICKTIMER.s

4 symbols
362 symbols in table
