


ARM Macro Assembler    Page 1 


    1 00000000         ;*******************************************************
                       ******** 
    2 00000000         ; TIMER.s
    3 00000000         ; Initiating Timer 0 for measuring 8kHz for sampling a s
                       ound signal 
    4 00000000         ; in EE447 Laboratory Project Audio Recorder and Player
    5 00000000         ; Created by Ilayda BEYRELI 2093474 & Mehmet Ali YANIKLA
                       R 1877059
    6 00000000         ; Created at 07/01/2017 12.06
    7 00000000         ; Last Updated at 07/01/2017 12.06
    8 00000000         ; Additional Components : 
    9 00000000         ; 1. MAX9814 Microphone Amplifier with AGC and Low-Noise
                        Microphone Bias
   10 00000000         ; 2. MCP4725 12-Bit Digital-to-Analog Converter with EEP
                       ROM Memory in SOT-23-6
   11 00000000         ; 3. PAM8302A 2.5W Filterless Class-D Mono Audio Amplifi
                       er
   12 00000000         ;*******************************************************
                       ******** 
   13 00000000         ;*******************************************************
                       ******** 
   14 00000000         ; EQU Directives
   15 00000000         ; These directives do not allocate memory
   16 00000000         ;*******************************************************
                       ********
   17 00000000         ;LABEL    DIRECTIVE  VALUE   COMMENT
   18 00000000         
   19 00000000         ;Nested Vector Interrupt Controller registers
   20 00000000 00080000 
                       NVIC_EN0_INT19
                               EQU              0x00080000  ; Interrupt 19 enab
                                                            le
   21 00000000 E000E100 
                       NVIC_EN0
                               EQU              0xE000E100  ; IRQ 0 to 31 Set E
                                                            nable Register
   22 00000000 E000E410 
                       NVIC_PRI4
                               EQU              0xE000E410  ; IRQ 16 to 19 Prio
                                                            rity Register
   23 00000000         
   24 00000000         ;ADC Register
   25 00000000 400FE638 
                       SYSCTL_RCGCADC
                               EQU              0x400FE638  ; ADC Clock Resigte
                                                            r
   26 00000000 40038000 
                       ADC0_ACTSS
                               EQU              0x40038000  ; Sample Sequencer 
                                                            (Base Address of AD
                                                            C0)
   27 00000000 40038004 
                       ADC0_RIS
                               EQU              0x40038004  ; Raw Interrupt Sta
                                                            tus
   28 00000000 40038008 
                       ADC0_IM EQU              0x40038008  ; Interupt Select
   29 00000000 40038014 
                       ADC0_EMUX



ARM Macro Assembler    Page 2 


                               EQU              0x40038014  ; Trigger Select
   30 00000000 40038028 
                       ADC0_PSSI
                               EQU              0x40038028  ; Initiate Sample
   31 00000000 400380A0 
                       ADC0_SSMUX3
                               EQU              0x400380A0  ; Input Channel Sel
                                                            ect
   32 00000000 400380A4 
                       ADC0_SSCTL3
                               EQU              0x400380A4  ; Sample Sequence C
                                                            ontrol
   33 00000000 400380A8 
                       ADC0_SSFIFO3
                               EQU              0x400380A8  ; Channel 3 Status
   34 00000000 40038FCA 
                       ADC0_PP EQU              0x40038FCA  ; Sample Rate
   35 00000000 4003800C 
                       ADC0_ISC
                               EQU              0x4003800C  ; Interrupt Status 
                                                            & Clear
   36 00000000         
   37 00000000         ; 16/32 Timer Registers
   38 00000000 40030000 
                       TIMER0_CFG
                               EQU              0x40030000
   39 00000000 40030004 
                       TIMER0_TAMR
                               EQU              0x40030004
   40 00000000 4003000C 
                       TIMER0_CTL
                               EQU              0x4003000C
   41 00000000 40030018 
                       TIMER0_IMR
                               EQU              0x40030018
   42 00000000 4003001C 
                       TIMER0_RIS
                               EQU              0x4003001C  ; Timer Interrupt S
                                                            tatus
   43 00000000 40030024 
                       TIMER0_ICR
                               EQU              0x40030024  ; Timer Interrupt C
                                                            lear
   44 00000000 40030028 
                       TIMER0_TAILR
                               EQU              0x40030028  ; Timer interval
   45 00000000 40030038 
                       TIMER0_TAPR
                               EQU              0x40030038  ; Prescaler
   46 00000000 40030048 
                       TIMER0_TAR
                               EQU              0x40030048  ; Timer register
   47 00000000         
   48 00000000         ;System Registers
   49 00000000 400FE608 
                       SYSCTL_RCGCGPIO
                               EQU              0x400FE608  ; GPIO Gate Control
                                                            
   50 00000000 400FE604 



ARM Macro Assembler    Page 3 


                       SYSCTL_RCGCTIMER
                               EQU              0x400FE604  ; GPTM Gate Control
                                                            
   51 00000000         
   52 00000000 00000003 
                       PERIOD  EQU              0x0000003   ; 8kHz ;
   53 00000000         ; Starting address memory used for data storage
   54 00000000 20000400 
                       MEMORY  EQU              0x20000400  ; selected for avoi
                                                            ding stack interfer
                                                            ence
   55 00000000         
   56 00000000         ;*******************************************************
                       ********
   57 00000000         ; Directives - This Data Section is part of the code
   58 00000000         ; It is in the read only section  so values cannot be ch
                       anged.
   59 00000000         ;*******************************************************
                       ********
   60 00000000         ;LABEL    DIRECTIVE  VALUE   COMMENT
   61 00000000                 AREA             routines, CODE, READONLY
   62 00000000                 THUMB
   63 00000000                 EXTERN           OutChar     ;
   64 00000000                 EXTERN           ADC0_INIT   ; 
   65 00000000                 EXTERN           DELAY       ; 20msec
   66 00000000                 EXTERN           DELAY100    ; 100msec
   67 00000000         
   68 00000000         
   69 00000000                 EXPORT           Custom_Timer0A_Handler
   70 00000000                 EXPORT           TIMER       ; 
   71 00000000         
   72 00000000         ;*******************************************************
                       ********
   73 00000000         ; Subroutine Section _ TIMER : Initialtig TIMER0
   74 00000000         ;*******************************************************
                       ********
   75 00000000         ;LABEL   DIRECTIVE  VALUE   COMMENT 
   76 00000000         TIMER   PROC
   77 00000000 B500            PUSH             {LR}        ;
   78 00000002         
   79 00000002         
   80 00000002 493A            LDR              R1, =SYSCTL_RCGCTIMER 
                                                            ; Start Timer0
   81 00000004 680A            LDR              R2, [R1]    ;
   82 00000006 F042 0201       ORR              R2, R2, #0x01 ;
   83 0000000A 600A            STR              R2, [R1]    ;
   84 0000000C         
   85 0000000C BF00            NOP                          ; allow clock to se
                                                            ttle
   86 0000000E BF00            NOP
   87 00000010 BF00            NOP
   88 00000012 BF00            NOP
   89 00000014 BF00            NOP
   90 00000016 BF00            NOP
   91 00000018         
   92 00000018 F04F 0534       MOV              R5, #52     ; '4'
   93 0000001C F7FF FFFE       BL               OutChar     ; 
   94 00000020         
   95 00000020 4933            LDR              R1, =TIMER0_CTL ; disable timer



ARM Macro Assembler    Page 4 


                                                             during setup LDR R
                                                            2, [R1]
   96 00000022 F022 0201       BIC              R2, R2, #0x01
   97 00000026 600A            STR              R2, [R1]
   98 00000028         
   99 00000028 F04F 0539       MOV              R5, #0x39   ;
  100 0000002C F7FF FFFE       BL               OutChar     ; 
  101 00000030         
  102 00000030 4930            LDR              R1, =TIMER0_CFG 
                                                            ; set 32 bit mode
  103 00000032 F04F 0200       MOV              R2, #0x00   ;
  104 00000036 600A            STR              R2, [R1]
  105 00000038         
  106 00000038 492F            LDR              R1, =TIMER0_TAMR
  107 0000003A F04F 0202       MOV              R2, #0x02   ; set to periodic, 
                                                            count down
  108 0000003E 600A            STR              R2, [R1]
  109 00000040         
  110 00000040 492E            LDR              R1, =TIMER0_TAILR ; initialize 
                                                            match clocks
  111 00000042 F04F 0203       LDR              R2, =PERIOD ;
  112 00000046 600A            STR              R2, [R1]
  113 00000048         
  114 00000048 492D            LDR              R1, =TIMER0_IMR ; enable timeou
                                                            t interrupt
  115 0000004A F04F 0201       MOV              R2, #0x01
  116 0000004E 600A            STR              R2, [R1]
  117 00000050         ; Configure interrupt priorities
  118 00000050         ; Timer0A is interrupt #19.
  119 00000050         ; Interrupts 16-19 are handled by NVIC register PRI4.
  120 00000050         ; Interrupt 19 is controlled by bits 31:29 of PRI4.
  121 00000050         ; set NVIC interrupt 19 to priority 2
  122 00000050 492C            LDR              R1, =NVIC_PRI4
  123 00000052 680A            LDR              R2, [R1]
  124 00000054 F022 427F       AND              R2, R2, #0x00FFFFFF ; clear int
                                                            errupt 19 priority
  125 00000058 F042 4280       ORR              R2, R2, #0x40000000 ; set inter
                                                            rupt 19 priority to
                                                             2
  126 0000005C 600A            STR              R2, [R1]
  127 0000005E         ; NVIC has to be enabled
  128 0000005E         ; Interrupts 0-31 are handled by NVIC register EN0
  129 0000005E         ; Interrupt 19 is controlled by bit 19
  130 0000005E         ; enable interrupt 19 in NVIC
  131 0000005E 492A            LDR              R1, =NVIC_EN0
  132 00000060 F2C0 0208       MOVT             R2, #0x08   ; set bit 19 to ena
                                                            ble interrupt 19
  133 00000064 600A            STR              R2, [R1]
  134 00000066         ; Enable timer
  135 00000066 4922            LDR              R1, =TIMER0_CTL
  136 00000068 680A            LDR              R2, [R1]
  137 0000006A F042 0203       ORR              R2, R2, #0x03 ; set bit0 to ena
                                                            ble
  138 0000006E 600A            STR              R2, [R1]    ; and bit 1 to stal
                                                            l on debug
  139 00000070         
  140 00000070 F04F 0540       MOV              R5, #0x40   ; '@'
  141 00000074 F7FF FFFE       BL               OutChar     ; 
  142 00000078         



ARM Macro Assembler    Page 5 


  143 00000078 F85D EB04       POP              {LR}        ;
  144 0000007C 4770            BX               LR          ;
  145 0000007E                 ENDP
  146 0000007E         
  147 0000007E         ;*******************************************************
                       ********
  148 0000007E         ; Subroutine Section _ Custom_Timer0A_Handler : Handler 
                       subroutine
  149 0000007E         ;       for Timer 0A. The aim is to create 125 ns 
  150 0000007E         ;        period for sampling the sound signal at 8kHZ.
  151 0000007E         ;       Choosing R7 to count the numbers (24x10^6)
  152 0000007E         ;*******************************************************
                       ********
  153 0000007E         ;LABEL   DIRECTIVE  VALUE   COMMENT 
  154 0000007E         Custom_Timer0A_Handler
                               PROC
  155 0000007E B500            PUSH             {LR}        ;
  156 00000080         
  157 00000080 F04F 0547       MOV              R5, #71     ; 'G'
  158 00000084 F7FF FFFE       BL               OutChar     ;
  159 00000088         
  160 00000088         ; Sampling the audio signal
  161 00000088         
  162 00000088 4920    Sample  LDR              R1, =ADC0_PSSI ; initialize sam
                                                            pling
  163 0000008A 6808            LDR              R0, [R1]    ;
  164 0000008C F040 0008       ORR              R0, R0, #0x08 ;
  165 00000090 6008            STR              R0, [R1]    ;
  166 00000092         
  167 00000092 491F    Polling LDR              R1, =ADC0_RIS ; checking RIS re
                                                            sigter by polling
  168 00000094 6808            LDR              R0, [R1]    ;
  169 00000096 F010 0008       ANDS             R0, R0, #0x08 ;
  170 0000009A D0FA            BEQ              Polling     ;
  171 0000009C         
  172 0000009C 491D            LDR              R1, =ADC0_SSFIFO3 ; read the re
                                                            sult in case of int
                                                            errupt
  173 0000009E 680C            LDR              R4, [R1]    ;
  174 000000A0         
  175 000000A0         ; Storing the Data
  176 000000A0 EA4F 1414       LSR              R4, #4      ;
  177 000000A4 F803 4B01       STRB             R4, [R3], #1 ; 
  178 000000A8         
  179 000000A8 491B            LDR              R1, =ADC0_ISC ; clearing interr
                                                            upt flag
  180 000000AA F04F 0008       MOV              R0, #0x8    ;
  181 000000AE 6008            STR              R0, [R1]    ; 
  182 000000B0         
  183 000000B0         
  184 000000B0         ; Resampling Decision Segment
  185 000000B0 2F00            CMP              R7, #0      ; 
  186 000000B2 D109            BNE              SampleNotDone ; 
  187 000000B4         
  188 000000B4 490E    SampleDone
                               LDR              R1, =TIMER0_CTL 
                                                            ; disable timer  
  189 000000B6 680A            LDR              R2, [R1]
  190 000000B8 F022 0201       BIC              R2, R2, #0x01



ARM Macro Assembler    Page 6 


  191 000000BC 600A            STR              R2, [R1]    ;
  192 000000BE         
  193 000000BE F04F 0545       MOV              R5, #69     ; 'E'
  194 000000C2 F7FF FFFE       BL               OutChar     ;
  195 000000C6         
  196 000000C6 E005            B                EndofHandler
  197 000000C8         
  198 000000C8         
  199 000000C8         SampleNotDone
  200 000000C8 F1A7 0701       SUB              R7, R7, #1  ;
  201 000000CC         
  202 000000CC         ;MOV    R5, R7;
  203 000000CC         ;BL OutChar
  204 000000CC         
  205 000000CC 480B            LDR              R0, =TIMER0_TAILR ;
  206 000000CE F04F 0103       LDR              R1, =PERIOD ;
  207 000000D2 6001            STR              R1, [R0]    ;
  208 000000D4         
  209 000000D4         EndofHandler
  210 000000D4 4811            LDR              R0, =TIMER0_ICR ; clearing the 
                                                            time out interrupt 
                                                            flag
  211 000000D6 6801            LDR              R1, [R0]    ;
  212 000000D8 F041 0101       ORR              R1, #0x01   ;
  213 000000DC 6001            STR              R1, [R0]    ;
  214 000000DE         
  215 000000DE F04F 0546       MOV              R5, #70     ; 'F'
  216 000000E2 F7FF FFFE       BL               OutChar     ;
  217 000000E6         
  218 000000E6 F85D EB04       POP              {LR}        ;
  219 000000EA 4770            BX               LR          ;
  220 000000EC                 ENDP
  221 000000EC         
  222 000000EC                 ALIGN
  223 000000EC                 END
              400FE604 
              4003000C 
              40030000 
              40030004 
              40030028 
              40030018 
              E000E410 
              E000E100 
              40038028 
              40038004 
              400380A8 
              4003800C 
              40030024 
Command Line: --debug --xref --diag_suppress=9931 --cpu=Cortex-M4.fp --apcs=int
erwork --depend=.\objects\timer.d -o.\objects\timer.o -I.\RTE\_Target_1 -IC:\Ke
il_v5\ARM\PACK\Keil\TM4C_DFP\1.1.0\Device\Include\TM4C123 -IC:\Keil_v5\ARM\CMSI
S\Include --predefine="__EVAL SETA 1" --predefine="__UVISION_VERSION SETA 524" 
--predefine="TM4C1231H6PM SETA 1" --list=.\listings\timer.lst TIMER.s



ARM Macro Assembler    Page 1 Alphabetic symbol ordering
Relocatable symbols

Custom_Timer0A_Handler 0000007E

Symbol: Custom_Timer0A_Handler
   Definitions
      At line 154 in file TIMER.s
   Uses
      At line 69 in file TIMER.s
Comment: Custom_Timer0A_Handler used once
EndofHandler 000000D4

Symbol: EndofHandler
   Definitions
      At line 209 in file TIMER.s
   Uses
      At line 196 in file TIMER.s
Comment: EndofHandler used once
Polling 00000092

Symbol: Polling
   Definitions
      At line 167 in file TIMER.s
   Uses
      At line 170 in file TIMER.s
Comment: Polling used once
Sample 00000088

Symbol: Sample
   Definitions
      At line 162 in file TIMER.s
   Uses
      None
Comment: Sample unused
SampleDone 000000B4

Symbol: SampleDone
   Definitions
      At line 188 in file TIMER.s
   Uses
      None
Comment: SampleDone unused
SampleNotDone 000000C8

Symbol: SampleNotDone
   Definitions
      At line 199 in file TIMER.s
   Uses
      At line 186 in file TIMER.s
Comment: SampleNotDone used once
TIMER 00000000

Symbol: TIMER
   Definitions
      At line 76 in file TIMER.s
   Uses
      At line 70 in file TIMER.s
Comment: TIMER used once
routines 00000000

Symbol: routines



ARM Macro Assembler    Page 2 Alphabetic symbol ordering
Relocatable symbols

   Definitions
      At line 61 in file TIMER.s
   Uses
      None
Comment: routines unused
8 symbols



ARM Macro Assembler    Page 1 Alphabetic symbol ordering
Absolute symbols

ADC0_ACTSS 40038000

Symbol: ADC0_ACTSS
   Definitions
      At line 26 in file TIMER.s
   Uses
      None
Comment: ADC0_ACTSS unused
ADC0_EMUX 40038014

Symbol: ADC0_EMUX
   Definitions
      At line 29 in file TIMER.s
   Uses
      None
Comment: ADC0_EMUX unused
ADC0_IM 40038008

Symbol: ADC0_IM
   Definitions
      At line 28 in file TIMER.s
   Uses
      None
Comment: ADC0_IM unused
ADC0_ISC 4003800C

Symbol: ADC0_ISC
   Definitions
      At line 35 in file TIMER.s
   Uses
      At line 179 in file TIMER.s
Comment: ADC0_ISC used once
ADC0_PP 40038FCA

Symbol: ADC0_PP
   Definitions
      At line 34 in file TIMER.s
   Uses
      None
Comment: ADC0_PP unused
ADC0_PSSI 40038028

Symbol: ADC0_PSSI
   Definitions
      At line 30 in file TIMER.s
   Uses
      At line 162 in file TIMER.s
Comment: ADC0_PSSI used once
ADC0_RIS 40038004

Symbol: ADC0_RIS
   Definitions
      At line 27 in file TIMER.s
   Uses
      At line 167 in file TIMER.s
Comment: ADC0_RIS used once
ADC0_SSCTL3 400380A4

Symbol: ADC0_SSCTL3



ARM Macro Assembler    Page 2 Alphabetic symbol ordering
Absolute symbols

   Definitions
      At line 32 in file TIMER.s
   Uses
      None
Comment: ADC0_SSCTL3 unused
ADC0_SSFIFO3 400380A8

Symbol: ADC0_SSFIFO3
   Definitions
      At line 33 in file TIMER.s
   Uses
      At line 172 in file TIMER.s
Comment: ADC0_SSFIFO3 used once
ADC0_SSMUX3 400380A0

Symbol: ADC0_SSMUX3
   Definitions
      At line 31 in file TIMER.s
   Uses
      None
Comment: ADC0_SSMUX3 unused
MEMORY 20000400

Symbol: MEMORY
   Definitions
      At line 54 in file TIMER.s
   Uses
      None
Comment: MEMORY unused
NVIC_EN0 E000E100

Symbol: NVIC_EN0
   Definitions
      At line 21 in file TIMER.s
   Uses
      At line 131 in file TIMER.s
Comment: NVIC_EN0 used once
NVIC_EN0_INT19 00080000

Symbol: NVIC_EN0_INT19
   Definitions
      At line 20 in file TIMER.s
   Uses
      None
Comment: NVIC_EN0_INT19 unused
NVIC_PRI4 E000E410

Symbol: NVIC_PRI4
   Definitions
      At line 22 in file TIMER.s
   Uses
      At line 122 in file TIMER.s
Comment: NVIC_PRI4 used once
PERIOD 00000003

Symbol: PERIOD
   Definitions
      At line 52 in file TIMER.s
   Uses



ARM Macro Assembler    Page 3 Alphabetic symbol ordering
Absolute symbols

      At line 111 in file TIMER.s
      At line 206 in file TIMER.s

SYSCTL_RCGCADC 400FE638

Symbol: SYSCTL_RCGCADC
   Definitions
      At line 25 in file TIMER.s
   Uses
      None
Comment: SYSCTL_RCGCADC unused
SYSCTL_RCGCGPIO 400FE608

Symbol: SYSCTL_RCGCGPIO
   Definitions
      At line 49 in file TIMER.s
   Uses
      None
Comment: SYSCTL_RCGCGPIO unused
SYSCTL_RCGCTIMER 400FE604

Symbol: SYSCTL_RCGCTIMER
   Definitions
      At line 50 in file TIMER.s
   Uses
      At line 80 in file TIMER.s
Comment: SYSCTL_RCGCTIMER used once
TIMER0_CFG 40030000

Symbol: TIMER0_CFG
   Definitions
      At line 38 in file TIMER.s
   Uses
      At line 102 in file TIMER.s
Comment: TIMER0_CFG used once
TIMER0_CTL 4003000C

Symbol: TIMER0_CTL
   Definitions
      At line 40 in file TIMER.s
   Uses
      At line 95 in file TIMER.s
      At line 135 in file TIMER.s
      At line 188 in file TIMER.s

TIMER0_ICR 40030024

Symbol: TIMER0_ICR
   Definitions
      At line 43 in file TIMER.s
   Uses
      At line 210 in file TIMER.s
Comment: TIMER0_ICR used once
TIMER0_IMR 40030018

Symbol: TIMER0_IMR
   Definitions
      At line 41 in file TIMER.s
   Uses



ARM Macro Assembler    Page 4 Alphabetic symbol ordering
Absolute symbols

      At line 114 in file TIMER.s
Comment: TIMER0_IMR used once
TIMER0_RIS 4003001C

Symbol: TIMER0_RIS
   Definitions
      At line 42 in file TIMER.s
   Uses
      None
Comment: TIMER0_RIS unused
TIMER0_TAILR 40030028

Symbol: TIMER0_TAILR
   Definitions
      At line 44 in file TIMER.s
   Uses
      At line 110 in file TIMER.s
      At line 205 in file TIMER.s

TIMER0_TAMR 40030004

Symbol: TIMER0_TAMR
   Definitions
      At line 39 in file TIMER.s
   Uses
      At line 106 in file TIMER.s
Comment: TIMER0_TAMR used once
TIMER0_TAPR 40030038

Symbol: TIMER0_TAPR
   Definitions
      At line 45 in file TIMER.s
   Uses
      None
Comment: TIMER0_TAPR unused
TIMER0_TAR 40030048

Symbol: TIMER0_TAR
   Definitions
      At line 46 in file TIMER.s
   Uses
      None
Comment: TIMER0_TAR unused
27 symbols



ARM Macro Assembler    Page 1 Alphabetic symbol ordering
External symbols

ADC0_INIT 00000000

Symbol: ADC0_INIT
   Definitions
      At line 64 in file TIMER.s
   Uses
      None
Comment: ADC0_INIT unused
DELAY 00000000

Symbol: DELAY
   Definitions
      At line 65 in file TIMER.s
   Uses
      None
Comment: DELAY unused
DELAY100 00000000

Symbol: DELAY100
   Definitions
      At line 66 in file TIMER.s
   Uses
      None
Comment: DELAY100 unused
OutChar 00000000

Symbol: OutChar
   Definitions
      At line 63 in file TIMER.s
   Uses
      At line 93 in file TIMER.s
      At line 100 in file TIMER.s
      At line 141 in file TIMER.s
      At line 158 in file TIMER.s
      At line 194 in file TIMER.s
      At line 216 in file TIMER.s

4 symbols
375 symbols in table
